<?xml version="1.0" encoding="UTF-8"?>
<testsuite name="com.paascloud.provider.UacRoleServiceTest" time="0.007" tests="2" errors="2" skipped="0" failures="0">
  <properties>
[...]
</properties>
  <testcase name="findByLoginNameTest" classname="com.paascloud.provider.UacRoleServiceTest" time="0.006">
    <error message="Failed to load ApplicationContext" type="java.lang.IllegalStateException">java.lang.IllegalStateException: Failed to load ApplicationContext
	at org.springframework.test.context.cache.DefaultCacheAwareContextLoaderDelegate.loadContext(DefaultCacheAwareContextLoaderDelegate.java:124)
	at org.springframework.test.context.support.DefaultTestContext.getApplicationContext(DefaultTestContext.java:83)
	at org.springframework.test.context.web.ServletTestExecutionListener.setUpRequestContextIfNecessary(ServletTestExecutionListener.java:189)
	at org.springframework.test.context.web.ServletTestExecutionListener.prepareTestInstance(ServletTestExecutionListener.java:131)
	at org.springframework.test.context.TestContextManager.prepareTestInstance(TestContextManager.java:230)
	at org.springframework.test.context.junit4.SpringJUnit4ClassRunner.createTest(SpringJUnit4ClassRunner.java:228)
	at org.springframework.test.context.junit4.SpringJUnit4ClassRunner$1.runReflectiveCall(SpringJUnit4ClassRunner.java:287)
	at org.junit.internal.runners.model.ReflectiveCallable.run(ReflectiveCallable.java:12)
	at org.springframework.test.context.junit4.SpringJUnit4ClassRunner.methodBlock(SpringJUnit4ClassRunner.java:289)
	at org.springframework.test.context.junit4.SpringJUnit4ClassRunner.runChild(SpringJUnit4ClassRunner.java:247)
	at org.springframework.test.context.junit4.SpringJUnit4ClassRunner.runChild(SpringJUnit4ClassRunner.java:94)
	at org.junit.runners.ParentRunner$3.run(ParentRunner.java:290)
	at org.junit.runners.ParentRunner$1.schedule(ParentRunner.java:71)
	at org.junit.runners.ParentRunner.runChildren(ParentRunner.java:288)
	at org.junit.runners.ParentRunner.access$000(ParentRunner.java:58)
	at org.junit.runners.ParentRunner$2.evaluate(ParentRunner.java:268)
	at org.springframework.test.context.junit4.statements.RunBeforeTestClassCallbacks.evaluate(RunBeforeTestClassCallbacks.java:61)
	at org.springframework.test.context.junit4.statements.RunAfterTestClassCallbacks.evaluate(RunAfterTestClassCallbacks.java:70)
	at org.junit.runners.ParentRunner.run(ParentRunner.java:363)
	at org.springframework.test.context.junit4.SpringJUnit4ClassRunner.run(SpringJUnit4ClassRunner.java:191)
	at org.apache.maven.surefire.junit4.JUnit4Provider.execute(JUnit4Provider.java:283)
	at org.apache.maven.surefire.junit4.JUnit4Provider.executeWithRerun(JUnit4Provider.java:173)
	at org.apache.maven.surefire.junit4.JUnit4Provider.executeTestSet(JUnit4Provider.java:153)
	at org.apache.maven.surefire.junit4.JUnit4Provider.invoke(JUnit4Provider.java:128)
	at org.apache.maven.surefire.booter.ForkedBooter.invokeProviderInSameClassLoader(ForkedBooter.java:203)
	at org.apache.maven.surefire.booter.ForkedBooter.runSuitesInProcess(ForkedBooter.java:155)
	at org.apache.maven.surefire.booter.ForkedBooter.main(ForkedBooter.java:103)
Caused by: java.lang.IllegalStateException: Failed to execute CommandLineRunner
	at org.springframework.boot.SpringApplication.callRunner(SpringApplication.java:735)
	at org.springframework.boot.SpringApplication.callRunners(SpringApplication.java:716)
	at org.springframework.boot.SpringApplication.afterRefresh(SpringApplication.java:703)
	at org.springframework.boot.SpringApplication.run(SpringApplication.java:304)
	at org.springframework.boot.test.context.SpringBootContextLoader.loadContext(SpringBootContextLoader.java:121)
	at org.springframework.test.context.cache.DefaultCacheAwareContextLoaderDelegate.loadContextInternal(DefaultCacheAwareContextLoaderDelegate.java:98)
	at org.springframework.test.context.cache.DefaultCacheAwareContextLoaderDelegate.loadContext(DefaultCacheAwareContextLoaderDelegate.java:116)
	at org.springframework.test.context.support.DefaultTestContext.getApplicationContext(DefaultTestContext.java:83)
	at org.springframework.test.context.web.ServletTestExecutionListener.setUpRequestContextIfNecessary(ServletTestExecutionListener.java:189)
	at org.springframework.test.context.web.ServletTestExecutionListener.prepareTestInstance(ServletTestExecutionListener.java:131)
	at org.springframework.test.context.TestContextManager.prepareTestInstance(TestContextManager.java:230)
	at org.springframework.test.context.junit4.SpringJUnit4ClassRunner.createTest(SpringJUnit4ClassRunner.java:228)
	at org.springframework.test.context.junit4.SpringJUnit4ClassRunner$1.runReflectiveCall(SpringJUnit4ClassRunner.java:287)
	at org.junit.internal.runners.model.ReflectiveCallable.run(ReflectiveCallable.java:12)
	at org.springframework.test.context.junit4.SpringJUnit4ClassRunner.methodBlock(SpringJUnit4ClassRunner.java:289)
	at org.springframework.test.context.junit4.SpringJUnit4ClassRunner.runChild(SpringJUnit4ClassRunner.java:247)
	at org.springframework.test.context.junit4.SpringJUnit4ClassRunner.runChild(SpringJUnit4ClassRunner.java:94)
	at org.junit.runners.ParentRunner$3.run(ParentRunner.java:290)
	at org.junit.runners.ParentRunner$1.schedule(ParentRunner.java:71)
	at org.junit.runners.ParentRunner.runChildren(ParentRunner.java:288)
	at org.junit.runners.ParentRunner.access$000(ParentRunner.java:58)
	at org.junit.runners.ParentRunner$2.evaluate(ParentRunner.java:268)
	at org.springframework.test.context.junit4.statements.RunBeforeTestClassCallbacks.evaluate(RunBeforeTestClassCallbacks.java:61)
	at org.springframework.test.context.junit4.statements.RunAfterTestClassCallbacks.evaluate(RunAfterTestClassCallbacks.java:70)
	at org.junit.runners.ParentRunner.run(ParentRunner.java:363)
	at org.springframework.test.context.junit4.SpringJUnit4ClassRunner.run(SpringJUnit4ClassRunner.java:191)
	at org.apache.maven.surefire.junit4.JUnit4Provider.execute(JUnit4Provider.java:283)
	at org.apache.maven.surefire.junit4.JUnit4Provider.executeWithRerun(JUnit4Provider.java:173)
	at org.apache.maven.surefire.junit4.JUnit4Provider.executeTestSet(JUnit4Provider.java:153)
	at org.apache.maven.surefire.junit4.JUnit4Provider.invoke(JUnit4Provider.java:128)
	at org.apache.maven.surefire.booter.ForkedBooter.invokeProviderInSameClassLoader(ForkedBooter.java:203)
	at org.apache.maven.surefire.booter.ForkedBooter.runSuitesInProcess(ForkedBooter.java:155)
	at org.apache.maven.surefire.booter.ForkedBooter.main(ForkedBooter.java:103)
Caused by: com.paascloud.core.registry.exception.RegException: org.apache.zookeeper.KeeperException$OperationTimeoutException: KeeperErrorCode = OperationTimeout
	at com.paascloud.core.registry.exception.RegExceptionHandler.handleException(RegExceptionHandler.java:35)
	at com.paascloud.core.registry.zookeeper.ZookeeperRegistryCenter.init(ZookeeperRegistryCenter.java:105)
	at com.paascloud.core.registry.RegistryCenterFactory.createCoordinatorRegistryCenter(RegistryCenterFactory.java:44)
	at com.paascloud.core.registry.RegistryCenterFactory.startup(RegistryCenterFactory.java:57)
	at com.paascloud.core.config.ZookeeperInitRunner.run(ZookeeperInitRunner.java:50)
	at org.springframework.boot.SpringApplication.callRunner(SpringApplication.java:732)
	at org.springframework.boot.SpringApplication.callRunners(SpringApplication.java:716)
	at org.springframework.boot.SpringApplication.afterRefresh(SpringApplication.java:703)
	at org.springframework.boot.SpringApplication.run(SpringApplication.java:304)
	at org.springframework.boot.test.context.SpringBootContextLoader.loadContext(SpringBootContextLoader.java:121)
	at org.springframework.test.context.cache.DefaultCacheAwareContextLoaderDelegate.loadContextInternal(DefaultCacheAwareContextLoaderDelegate.java:98)
	at org.springframework.test.context.cache.DefaultCacheAwareContextLoaderDelegate.loadContext(DefaultCacheAwareContextLoaderDelegate.java:116)
	at org.springframework.test.context.support.DefaultTestContext.getApplicationContext(DefaultTestContext.java:83)
	at org.springframework.test.context.web.ServletTestExecutionListener.setUpRequestContextIfNecessary(ServletTestExecutionListener.java:189)
	at org.springframework.test.context.web.ServletTestExecutionListener.prepareTestInstance(ServletTestExecutionListener.java:131)
	at org.springframework.test.context.TestContextManager.prepareTestInstance(TestContextManager.java:230)
	at org.springframework.test.context.junit4.SpringJUnit4ClassRunner.createTest(SpringJUnit4ClassRunner.java:228)
	at org.springframework.test.context.junit4.SpringJUnit4ClassRunner$1.runReflectiveCall(SpringJUnit4ClassRunner.java:287)
	at org.junit.internal.runners.model.ReflectiveCallable.run(ReflectiveCallable.java:12)
	at org.springframework.test.context.junit4.SpringJUnit4ClassRunner.methodBlock(SpringJUnit4ClassRunner.java:289)
	at org.springframework.test.context.junit4.SpringJUnit4ClassRunner.runChild(SpringJUnit4ClassRunner.java:247)
	at org.springframework.test.context.junit4.SpringJUnit4ClassRunner.runChild(SpringJUnit4ClassRunner.java:94)
	at org.junit.runners.ParentRunner$3.run(ParentRunner.java:290)
	at org.junit.runners.ParentRunner$1.schedule(ParentRunner.java:71)
	at org.junit.runners.ParentRunner.runChildren(ParentRunner.java:288)
	at org.junit.runners.ParentRunner.access$000(ParentRunner.java:58)
	at org.junit.runners.ParentRunner$2.evaluate(ParentRunner.java:268)
	at org.springframework.test.context.junit4.statements.RunBeforeTestClassCallbacks.evaluate(RunBeforeTestClassCallbacks.java:61)
	at org.springframework.test.context.junit4.statements.RunAfterTestClassCallbacks.evaluate(RunAfterTestClassCallbacks.java:70)
	at org.junit.runners.ParentRunner.run(ParentRunner.java:363)
	at org.springframework.test.context.junit4.SpringJUnit4ClassRunner.run(SpringJUnit4ClassRunner.java:191)
	at org.apache.maven.surefire.junit4.JUnit4Provider.execute(JUnit4Provider.java:283)
	at org.apache.maven.surefire.junit4.JUnit4Provider.executeWithRerun(JUnit4Provider.java:173)
	at org.apache.maven.surefire.junit4.JUnit4Provider.executeTestSet(JUnit4Provider.java:153)
	at org.apache.maven.surefire.junit4.JUnit4Provider.invoke(JUnit4Provider.java:128)
	at org.apache.maven.surefire.booter.ForkedBooter.invokeProviderInSameClassLoader(ForkedBooter.java:203)
	at org.apache.maven.surefire.booter.ForkedBooter.runSuitesInProcess(ForkedBooter.java:155)
	at org.apache.maven.surefire.booter.ForkedBooter.main(ForkedBooter.java:103)
Caused by: org.apache.zookeeper.KeeperException$OperationTimeoutException: KeeperErrorCode = OperationTimeout
	at com.paascloud.core.registry.zookeeper.ZookeeperRegistryCenter.init(ZookeeperRegistryCenter.java:99)
	at com.paascloud.core.registry.RegistryCenterFactory.createCoordinatorRegistryCenter(RegistryCenterFactory.java:44)
	at com.paascloud.core.registry.RegistryCenterFactory.startup(RegistryCenterFactory.java:57)
	at com.paascloud.core.config.ZookeeperInitRunner.run(ZookeeperInitRunner.java:50)
	at org.springframework.boot.SpringApplication.callRunner(SpringApplication.java:732)
	at org.springframework.boot.SpringApplication.callRunners(SpringApplication.java:716)
	at org.springframework.boot.SpringApplication.afterRefresh(SpringApplication.java:703)
	at org.springframework.boot.SpringApplication.run(SpringApplication.java:304)
	at org.springframework.boot.test.context.SpringBootContextLoader.loadContext(SpringBootContextLoader.java:121)
	at org.springframework.test.context.cache.DefaultCacheAwareContextLoaderDelegate.loadContextInternal(DefaultCacheAwareContextLoaderDelegate.java:98)
	at org.springframework.test.context.cache.DefaultCacheAwareContextLoaderDelegate.loadContext(DefaultCacheAwareContextLoaderDelegate.java:116)
	at org.springframework.test.context.support.DefaultTestContext.getApplicationContext(DefaultTestContext.java:83)
	at org.springframework.test.context.web.ServletTestExecutionListener.setUpRequestContextIfNecessary(ServletTestExecutionListener.java:189)
	at org.springframework.test.context.web.ServletTestExecutionListener.prepareTestInstance(ServletTestExecutionListener.java:131)
	at org.springframework.test.context.TestContextManager.prepareTestInstance(TestContextManager.java:230)
	at org.springframework.test.context.junit4.SpringJUnit4ClassRunner.createTest(SpringJUnit4ClassRunner.java:228)
	at org.springframework.test.context.junit4.SpringJUnit4ClassRunner$1.runReflectiveCall(SpringJUnit4ClassRunner.java:287)
	at org.junit.internal.runners.model.ReflectiveCallable.run(ReflectiveCallable.java:12)
	at org.springframework.test.context.junit4.SpringJUnit4ClassRunner.methodBlock(SpringJUnit4ClassRunner.java:289)
	at org.springframework.test.context.junit4.SpringJUnit4ClassRunner.runChild(SpringJUnit4ClassRunner.java:247)
	at org.springframework.test.context.junit4.SpringJUnit4ClassRunner.runChild(SpringJUnit4ClassRunner.java:94)
	at org.junit.runners.ParentRunner$3.run(ParentRunner.java:290)
	at org.junit.runners.ParentRunner$1.schedule(ParentRunner.java:71)
	at org.junit.runners.ParentRunner.runChildren(ParentRunner.java:288)
	at org.junit.runners.ParentRunner.access$000(ParentRunner.java:58)
	at org.junit.runners.ParentRunner$2.evaluate(ParentRunner.java:268)
	at org.springframework.test.context.junit4.statements.RunBeforeTestClassCallbacks.evaluate(RunBeforeTestClassCallbacks.java:61)
	at org.springframework.test.context.junit4.statements.RunAfterTestClassCallbacks.evaluate(RunAfterTestClassCallbacks.java:70)
	at org.junit.runners.ParentRunner.run(ParentRunner.java:363)
	at org.springframework.test.context.junit4.SpringJUnit4ClassRunner.run(SpringJUnit4ClassRunner.java:191)
	at org.apache.maven.surefire.junit4.JUnit4Provider.execute(JUnit4Provider.java:283)
	at org.apache.maven.surefire.junit4.JUnit4Provider.executeWithRerun(JUnit4Provider.java:173)
	at org.apache.maven.surefire.junit4.JUnit4Provider.executeTestSet(JUnit4Provider.java:153)
	at org.apache.maven.surefire.junit4.JUnit4Provider.invoke(JUnit4Provider.java:128)
	at org.apache.maven.surefire.booter.ForkedBooter.invokeProviderInSameClassLoader(ForkedBooter.java:203)
	at org.apache.maven.surefire.booter.ForkedBooter.runSuitesInProcess(ForkedBooter.java:155)
	at org.apache.maven.surefire.booter.ForkedBooter.main(ForkedBooter.java:103)
</error>
    <system-out><![CDATA[2019-02-27 22:50:18.577  INFO [bootstrap,,,] [paascloud-provider-uac,,,,] 12788 --- [           main] .b.t.c.SpringBootTestContextBootstrapper : Neither @ContextConfiguration nor @ContextHierarchy found for test class [com.paascloud.provider.UacRoleServiceTest], using SpringBootContextLoader
2019-02-27 22:50:18.578  INFO [bootstrap,,,] [paascloud-provider-uac,,,,] 12788 --- [           main] o.s.t.c.support.AbstractContextLoader    : Could not detect default resource locations for test class [com.paascloud.provider.UacRoleServiceTest]: no resource found for suffixes {-context.xml, Context.groovy}.
2019-02-27 22:50:18.578  INFO [bootstrap,,,] [paascloud-provider-uac,,,,] 12788 --- [           main] t.c.s.AnnotationConfigContextLoaderUtils : Could not detect default configuration classes for test class [com.paascloud.provider.UacRoleServiceTest]: UacRoleServiceTest does not declare any static, non-private, non-final, nested classes annotated with @Configuration.
2019-02-27 22:50:18.589  INFO [bootstrap,,,] [paascloud-provider-uac,,,,] 12788 --- [           main] .b.t.c.SpringBootTestContextBootstrapper : Found @SpringBootConfiguration com.paascloud.PaasCloudUacApplication for test class com.paascloud.provider.UacRoleServiceTest
2019-02-27 22:50:18.596  INFO [bootstrap,,,] [paascloud-provider-uac,,,,] 12788 --- [           main] .b.t.c.SpringBootTestContextBootstrapper : Loaded default TestExecutionListener class names from location [META-INF/spring.factories]: [org.springframework.boot.test.mock.mockito.MockitoTestExecutionListener, org.springframework.boot.test.mock.mockito.ResetMocksTestExecutionListener, org.springframework.boot.test.autoconfigure.restdocs.RestDocsTestExecutionListener, org.springframework.boot.test.autoconfigure.web.client.MockRestServiceServerResetTestExecutionListener, org.springframework.boot.test.autoconfigure.web.servlet.MockMvcPrintOnlyOnFailureTestExecutionListener, org.springframework.boot.test.autoconfigure.web.servlet.WebDriverTestExecutionListener, org.springframework.test.context.web.ServletTestExecutionListener, org.springframework.test.context.support.DirtiesContextBeforeModesTestExecutionListener, org.springframework.test.context.support.DependencyInjectionTestExecutionListener, org.springframework.test.context.support.DirtiesContextTestExecutionListener, org.springframework.test.context.transaction.TransactionalTestExecutionListener, org.springframework.test.context.jdbc.SqlScriptsTestExecutionListener]
2019-02-27 22:50:18.602  INFO [bootstrap,,,] [paascloud-provider-uac,,,,] 12788 --- [           main] .b.t.c.SpringBootTestContextBootstrapper : Using TestExecutionListeners: [org.springframework.test.context.web.ServletTestExecutionListener@578d4a, org.springframework.test.context.support.DirtiesContextBeforeModesTestExecutionListener@3bbcbd00, org.springframework.boot.test.mock.mockito.MockitoTestExecutionListener@5c1181a2, org.springframework.boot.test.autoconfigure.SpringBootDependencyInjectionTestExecutionListener@2b3f7f2b, org.springframework.test.context.support.DirtiesContextTestExecutionListener@17be8adb, org.springframework.test.context.transaction.TransactionalTestExecutionListener@49b46191, org.springframework.test.context.jdbc.SqlScriptsTestExecutionListener@1978e594, org.springframework.boot.test.mock.mockito.ResetMocksTestExecutionListener@49ee17b7, org.springframework.boot.test.autoconfigure.restdocs.RestDocsTestExecutionListener@2ae5b403, org.springframework.boot.test.autoconfigure.web.client.MockRestServiceServerResetTestExecutionListener@40b7e027, org.springframework.boot.test.autoconfigure.web.servlet.MockMvcPrintOnlyOnFailureTestExecutionListener@1ebde9e0, org.springframework.boot.test.autoconfigure.web.servlet.WebDriverTestExecutionListener@2757062f]
2019-02-27 22:50:20.384  INFO [bootstrap,,,] [bootstrap,,,,] 12788 --- [           main] s.c.a.AnnotationConfigApplicationContext : Refreshing org.springframework.context.annotation.AnnotationConfigApplicationContext@5bb1e90a: startup date [Wed Feb 27 22:50:20 CST 2019]; root of context hierarchy
2019-02-27 22:50:20.452  INFO [bootstrap,,,] [bootstrap,,,,] 12788 --- [           main] f.a.AutowiredAnnotationBeanPostProcessor : JSR-330 'javax.inject.Inject' annotation found and supported for autowiring
2019-02-27 22:50:20.477  INFO [bootstrap,,,] [bootstrap,,,,] 12788 --- [           main] trationDelegate$BeanPostProcessorChecker : Bean 'org.springframework.retry.annotation.RetryConfiguration' of type [org.springframework.retry.annotation.RetryConfiguration$$EnhancerBySpringCGLIB$$f5bbee5f] is not eligible for getting processed by all BeanPostProcessors (for example: not eligible for auto-proxying)
2019-02-27 22:50:20.479  INFO [bootstrap,,,] [bootstrap,,,,] 12788 --- [           main] trationDelegate$BeanPostProcessorChecker : Bean 'configurationPropertiesRebinderAutoConfiguration' of type [org.springframework.cloud.autoconfigure.ConfigurationPropertiesRebinderAutoConfiguration$$EnhancerBySpringCGLIB$$1c125937] is not eligible for getting processed by all BeanPostProcessors (for example: not eligible for auto-proxying)
2019-02-27 22:50:21.757  INFO [bootstrap,,,] [bootstrap,,,,] 12788 --- [           main] o.s.cloud.commons.util.InetUtils         : Cannot determine local hostname
2019-02-27 22:50:21.772  INFO [bootstrap,,,] [bootstrap,,,,] 12788 --- [           main] o.s.c.n.eureka.InstanceInfoFactory       : Setting initial instance status as: STARTING
2019-02-27 22:50:21.788  INFO [bootstrap,,,] [bootstrap,,,,] 12788 --- [           main] com.netflix.discovery.DiscoveryClient    : Initializing Eureka in region us-east-1
2019-02-27 22:50:21.790  INFO [bootstrap,,,] [bootstrap,,,,] 12788 --- [           main] c.n.d.provider.DiscoveryJerseyProvider   : Using JSON encoding codec LegacyJacksonJson
2019-02-27 22:50:21.790  INFO [bootstrap,,,] [bootstrap,,,,] 12788 --- [           main] c.n.d.provider.DiscoveryJerseyProvider   : Using JSON decoding codec LegacyJacksonJson
2019-02-27 22:50:21.790  INFO [bootstrap,,,] [bootstrap,,,,] 12788 --- [           main] c.n.d.provider.DiscoveryJerseyProvider   : Using XML encoding codec XStreamXml
2019-02-27 22:50:21.790  INFO [bootstrap,,,] [bootstrap,,,,] 12788 --- [           main] c.n.d.provider.DiscoveryJerseyProvider   : Using XML decoding codec XStreamXml
2019-02-27 22:50:21.881  INFO [bootstrap,,,] [bootstrap,,,,] 12788 --- [           main] c.n.d.s.r.aws.ConfigClusterResolver      : Resolving eureka endpoints via configuration
2019-02-27 22:50:21.882  INFO [bootstrap,,,] [bootstrap,,,,] 12788 --- [           main] com.netflix.discovery.DiscoveryClient    : Disable delta property : false
2019-02-27 22:50:21.882  INFO [bootstrap,,,] [bootstrap,,,,] 12788 --- [           main] com.netflix.discovery.DiscoveryClient    : Single vip registry refresh property : null
2019-02-27 22:50:21.883  INFO [bootstrap,,,] [bootstrap,,,,] 12788 --- [           main] com.netflix.discovery.DiscoveryClient    : Force full registry fetch : false
2019-02-27 22:50:21.883  INFO [bootstrap,,,] [bootstrap,,,,] 12788 --- [           main] com.netflix.discovery.DiscoveryClient    : Application is null : false
2019-02-27 22:50:21.883  INFO [bootstrap,,,] [bootstrap,,,,] 12788 --- [           main] com.netflix.discovery.DiscoveryClient    : Registered Applications size is zero : true
2019-02-27 22:50:21.883  INFO [bootstrap,,,] [bootstrap,,,,] 12788 --- [           main] com.netflix.discovery.DiscoveryClient    : Application version is -1: true
2019-02-27 22:50:21.883  INFO [bootstrap,,,] [bootstrap,,,,] 12788 --- [           main] com.netflix.discovery.DiscoveryClient    : Getting all instance registry info from the eureka server
2019-02-27 22:50:21.894  INFO [bootstrap,,,] [bootstrap,,,,] 12788 --- [           main] com.netflix.discovery.DiscoveryClient    : The response status is 200
2019-02-27 22:50:21.895  INFO [bootstrap,,,] [bootstrap,,,,] 12788 --- [           main] com.netflix.discovery.DiscoveryClient    : Not registering with Eureka server per configuration
2019-02-27 22:50:21.896  INFO [bootstrap,,,] [bootstrap,,,,] 12788 --- [           main] com.netflix.discovery.DiscoveryClient    : Discovery Client initialized at timestamp 1551279021896 with initial instances count: 1

                                  .__                   .___                  __
___________  _____    ______ ____ |  |   ____  __ __  __| _/     ____   _____/  |_
\____ \__  \ \__  \  /  ___// ___\|  |  /  _ \|  |  \/ __ |     /    \_/ __ \   __\
|  |_> > __ \_/ __ \_\___ \\  \___|  |_(  <_> )  |  / /_/ |    |   |  \  ___/|  |
|   __(____  (____  /____  >\___  >____/\____/|____/\____ | /\ |___|  /\___  >__|
|__|       \/     \/     \/     \/ Powered by liuzhaoming\/ \/      \/     \/
2019-02-27 22:50:23.287  INFO [bootstrap,,,] [paascloud-provider-uac,,,,] 12788 --- [           main] c.c.c.ConfigServicePropertySourceLocator : Fetching config from server at: http://localhost:8080/
2019-02-27 22:50:29.834  INFO [bootstrap,,,] [paascloud-provider-uac,,,,] 12788 --- [           main] c.c.c.ConfigServicePropertySourceLocator : Located environment: name=paascloud-provider-uac, profiles=[dev], label=dev, version=fa6a348e2e1c8d5c2ff460509f7fa4deade889cf, state=null
2019-02-27 22:50:29.834  INFO [bootstrap,,,] [paascloud-provider-uac,,,,] 12788 --- [           main] b.c.PropertySourceBootstrapConfiguration : Located property source: CompositePropertySource [name='configService', propertySources=[MapPropertySource {name='configClient'}, MapPropertySource {name='https://github.com/l00251692/paascloud-config-repo.git/paascloud-provider-uac-dev.yml'}, MapPropertySource {name='https://github.com/l00251692/paascloud-config-repo.git/application-dev.yml'}]]
2019-02-27 22:50:29.855  INFO [bootstrap,,,] [paascloud-provider-uac,,,,] 12788 --- [           main] c.paascloud.provider.UacRoleServiceTest  : The following profiles are active: dev
2019-02-27 22:50:29.859  INFO [bootstrap,,,] [paascloud-provider-uac,,,,] 12788 --- [           main] o.s.w.c.s.GenericWebApplicationContext   : Refreshing org.springframework.web.context.support.GenericWebApplicationContext@37b7f6b4: startup date [Wed Feb 27 22:50:29 CST 2019]; parent: org.springframework.context.annotation.AnnotationConfigApplicationContext@5bb1e90a
2019-02-27 22:50:31.167  INFO [bootstrap,,,] [paascloud-provider-uac,,,,] 12788 --- [           main] o.s.b.f.s.DefaultListableBeanFactory     : Overriding bean definition for bean 'smsCodeSender' with a different definition: replacing [Root bean: class [null]; scope=; abstract=false; lazyInit=false; autowireMode=3; dependencyCheck=0; autowireCandidate=true; primary=false; factoryBeanName=validateCodeBeanConfig; factoryMethodName=smsCodeSender; initMethodName=null; destroyMethodName=(inferred); defined in class path resource [com/paascloud/security/core/validate/code/ValidateCodeBeanConfig.class]] with [Root bean: class [null]; scope=; abstract=false; lazyInit=false; autowireMode=3; dependencyCheck=0; autowireCandidate=true; primary=false; factoryBeanName=paasCloudUacApplication; factoryMethodName=smsCodeSender; initMethodName=null; destroyMethodName=(inferred); defined in com.paascloud.PaasCloudUacApplication]
2019-02-27 22:50:31.532  INFO [bootstrap,,,] [paascloud-provider-uac,,,,] 12788 --- [           main] .s.d.r.c.RepositoryConfigurationDelegate : Multiple Spring Data modules found, entering strict repository configuration mode!
2019-02-27 22:50:31.884  INFO [bootstrap,,,] [paascloud-provider-uac,,,,] 12788 --- [           main] o.s.cloud.context.scope.GenericScope     : BeanFactory id=665041e3-b049-3f59-bb02-1c8381782c07
2019-02-27 22:50:31.910  INFO [bootstrap,,,] [paascloud-provider-uac,,,,] 12788 --- [           main] f.a.AutowiredAnnotationBeanPostProcessor : JSR-330 'javax.inject.Inject' annotation found and supported for autowiring
2019-02-27 22:50:31.943  INFO [bootstrap,,,] [paascloud-provider-uac,,,,] 12788 --- [           main] trationDelegate$BeanPostProcessorChecker : Bean 'paascloud-com.paascloud.config.properties.PaascloudProperties' of type [com.paascloud.config.properties.PaascloudProperties] is not eligible for getting processed by all BeanPostProcessors (for example: not eligible for auto-proxying)
2019-02-27 22:50:31.943  INFO [bootstrap,,,] [paascloud-provider-uac,,,,] 12788 --- [           main] trationDelegate$BeanPostProcessorChecker : Bean 'asyncTaskExecutorConfiguration' of type [com.paascloud.core.config.AsyncTaskExecutorConfiguration$$EnhancerBySpringCGLIB$$3ace86a7] is not eligible for getting processed by all BeanPostProcessors (for example: not eligible for auto-proxying)
2019-02-27 22:50:31.946  INFO [bootstrap,,,] [paascloud-provider-uac,,,,] 12788 --- [           main] o.s.s.concurrent.ThreadPoolTaskExecutor  : Initializing ExecutorService 
2019-02-27 22:50:31.947  INFO [bootstrap,,,] [paascloud-provider-uac,,,,] 12788 --- [           main] trationDelegate$BeanPostProcessorChecker : Bean 'taskExecutor' of type [com.paascloud.core.config.ExceptionHandlingAsyncTaskExecutor] is not eligible for getting processed by all BeanPostProcessors (for example: not eligible for auto-proxying)
2019-02-27 22:50:31.979  INFO [bootstrap,,,] [paascloud-provider-uac,,,,] 12788 --- [           main] trationDelegate$BeanPostProcessorChecker : Bean 'org.springframework.amqp.rabbit.annotation.RabbitBootstrapConfiguration' of type [org.springframework.amqp.rabbit.annotation.RabbitBootstrapConfiguration$$EnhancerBySpringCGLIB$$c6641468] is not eligible for getting processed by all BeanPostProcessors (for example: not eligible for auto-proxying)
2019-02-27 22:50:32.026  INFO [bootstrap,,,] [paascloud-provider-uac,,,,] 12788 --- [           main] trationDelegate$BeanPostProcessorChecker : Bean 'org.springframework.cloud.sleuth.annotation.SleuthAnnotationAutoConfiguration' of type [org.springframework.cloud.sleuth.annotation.SleuthAnnotationAutoConfiguration$$EnhancerBySpringCGLIB$$25d9c6c] is not eligible for getting processed by all BeanPostProcessors (for example: not eligible for auto-proxying)
2019-02-27 22:50:32.067  INFO [bootstrap,,,] [paascloud-provider-uac,,,,] 12788 --- [           main] trationDelegate$BeanPostProcessorChecker : Bean 'sleuthAdvisorConfig' of type [org.springframework.cloud.sleuth.annotation.SleuthAdvisorConfig] is not eligible for getting processed by all BeanPostProcessors (for example: not eligible for auto-proxying)
2019-02-27 22:50:32.079  INFO [bootstrap,,,] [paascloud-provider-uac,,,,] 12788 --- [           main] trationDelegate$BeanPostProcessorChecker : Bean 'org.springframework.transaction.annotation.ProxyTransactionManagementConfiguration' of type [org.springframework.transaction.annotation.ProxyTransactionManagementConfiguration$$EnhancerBySpringCGLIB$$fff8563a] is not eligible for getting processed by all BeanPostProcessors (for example: not eligible for auto-proxying)
2019-02-27 22:50:32.120  INFO [bootstrap,,,] [paascloud-provider-uac,,,,] 12788 --- [           main] trationDelegate$BeanPostProcessorChecker : Bean 'org.springframework.cache.annotation.ProxyCachingConfiguration' of type [org.springframework.cache.annotation.ProxyCachingConfiguration$$EnhancerBySpringCGLIB$$490a8c58] is not eligible for getting processed by all BeanPostProcessors (for example: not eligible for auto-proxying)
2019-02-27 22:50:32.151  INFO [bootstrap,,,] [paascloud-provider-uac,,,,] 12788 --- [           main] trationDelegate$BeanPostProcessorChecker : Bean 'security.oauth2.client-org.springframework.boot.autoconfigure.security.oauth2.OAuth2ClientProperties' of type [org.springframework.boot.autoconfigure.security.oauth2.OAuth2ClientProperties] is not eligible for getting processed by all BeanPostProcessors (for example: not eligible for auto-proxying)
2019-02-27 22:50:32.153  INFO [bootstrap,,,] [paascloud-provider-uac,,,,] 12788 --- [           main] trationDelegate$BeanPostProcessorChecker : Bean 'org.springframework.boot.autoconfigure.security.oauth2.OAuth2AutoConfiguration' of type [org.springframework.boot.autoconfigure.security.oauth2.OAuth2AutoConfiguration$$EnhancerBySpringCGLIB$$b742123a] is not eligible for getting processed by all BeanPostProcessors (for example: not eligible for auto-proxying)
2019-02-27 22:50:32.168  INFO [bootstrap,,,] [paascloud-provider-uac,,,,] 12788 --- [           main] trationDelegate$BeanPostProcessorChecker : Bean 'resourceServerProperties' of type [org.springframework.boot.autoconfigure.security.oauth2.resource.ResourceServerProperties] is not eligible for getting processed by all BeanPostProcessors (for example: not eligible for auto-proxying)
2019-02-27 22:50:32.174  INFO [bootstrap,,,] [paascloud-provider-uac,,,,] 12788 --- [           main] trationDelegate$BeanPostProcessorChecker : Bean 'org.springframework.cloud.netflix.metrics.MetricsInterceptorConfiguration$MetricsRestTemplateConfiguration' of type [org.springframework.cloud.netflix.metrics.MetricsInterceptorConfiguration$MetricsRestTemplateConfiguration$$EnhancerBySpringCGLIB$$3224fc7b] is not eligible for getting processed by all BeanPostProcessors (for example: not eligible for auto-proxying)
2019-02-27 22:50:32.187  INFO [bootstrap,,,] [paascloud-provider-uac,,,,] 12788 --- [           main] trationDelegate$BeanPostProcessorChecker : Bean 'org.springframework.cloud.autoconfigure.ConfigurationPropertiesRebinderAutoConfiguration' of type [org.springframework.cloud.autoconfigure.ConfigurationPropertiesRebinderAutoConfiguration$$EnhancerBySpringCGLIB$$1c125937] is not eligible for getting processed by all BeanPostProcessors (for example: not eligible for auto-proxying)
2019-02-27 22:50:32.197  INFO [bootstrap,,,] [paascloud-provider-uac,,,,] 12788 --- [           main] trationDelegate$BeanPostProcessorChecker : Bean 'org.springframework.cloud.sleuth.instrument.web.client.feign.TraceFeignClientAutoConfiguration$FeignBeanPostProcessorConfiguration' of type [org.springframework.cloud.sleuth.instrument.web.client.feign.TraceFeignClientAutoConfiguration$FeignBeanPostProcessorConfiguration$$EnhancerBySpringCGLIB$$3f8a2f00] is not eligible for getting processed by all BeanPostProcessors (for example: not eligible for auto-proxying)
2019-02-27 22:50:32.217  INFO [bootstrap,,,] [paascloud-provider-uac,,,,] 12788 --- [           main] trationDelegate$BeanPostProcessorChecker : Bean 'org.springframework.cloud.sleuth.instrument.async.AsyncDefaultAutoConfiguration' of type [org.springframework.cloud.sleuth.instrument.async.AsyncDefaultAutoConfiguration$$EnhancerBySpringCGLIB$$e7dc0259] is not eligible for getting processed by all BeanPostProcessors (for example: not eligible for auto-proxying)
2019-02-27 22:50:32.226  INFO [bootstrap,,,] [paascloud-provider-uac,,,,] 12788 --- [           main] trationDelegate$BeanPostProcessorChecker : Bean 'org.springframework.cloud.sleuth.instrument.web.client.TraceWebClientAutoConfiguration$TraceOAuthConfiguration' of type [org.springframework.cloud.sleuth.instrument.web.client.TraceWebClientAutoConfiguration$TraceOAuthConfiguration$$EnhancerBySpringCGLIB$$44f4e899] is not eligible for getting processed by all BeanPostProcessors (for example: not eligible for auto-proxying)
2019-02-27 22:50:32.235  INFO [bootstrap,,,] [paascloud-provider-uac,,,,] 12788 --- [           main] trationDelegate$BeanPostProcessorChecker : Bean 'org.springframework.cloud.sleuth.instrument.web.client.TraceWebClientAutoConfiguration' of type [org.springframework.cloud.sleuth.instrument.web.client.TraceWebClientAutoConfiguration$$EnhancerBySpringCGLIB$$ac8b21b9] is not eligible for getting processed by all BeanPostProcessors (for example: not eligible for auto-proxying)
2019-02-27 22:50:32.248  INFO [bootstrap,,,] [paascloud-provider-uac,,,,] 12788 --- [           main] trationDelegate$BeanPostProcessorChecker : Bean 'spring.sleuth-org.springframework.cloud.sleuth.autoconfig.SleuthProperties' of type [org.springframework.cloud.sleuth.autoconfig.SleuthProperties] is not eligible for getting processed by all BeanPostProcessors (for example: not eligible for auto-proxying)
2019-02-27 22:50:32.250  INFO [bootstrap,,,] [paascloud-provider-uac,,,,] 12788 --- [           main] trationDelegate$BeanPostProcessorChecker : Bean 'org.springframework.cloud.sleuth.autoconfig.TraceAutoConfiguration' of type [org.springframework.cloud.sleuth.autoconfig.TraceAutoConfiguration$$EnhancerBySpringCGLIB$$38f5734d] is not eligible for getting processed by all BeanPostProcessors (for example: not eligible for auto-proxying)
2019-02-27 22:50:32.263  INFO [bootstrap,,,] [paascloud-provider-uac,,,,] 12788 --- [           main] trationDelegate$BeanPostProcessorChecker : Bean 'defaultTraceSampler' of type [org.springframework.cloud.context.scope.GenericScope$LockedScopedProxyFactoryBean] is not eligible for getting processed by all BeanPostProcessors (for example: not eligible for auto-proxying)
2019-02-27 22:50:32.264  INFO [bootstrap,,,] [paascloud-provider-uac,,,,] 12788 --- [           main] trationDelegate$BeanPostProcessorChecker : Bean 'defaultTraceSampler' of type [com.sun.proxy.$Proxy173] is not eligible for getting processed by all BeanPostProcessors (for example: not eligible for auto-proxying)
2019-02-27 22:50:32.266  INFO [bootstrap,,,] [paascloud-provider-uac,,,,] 12788 --- [           main] trationDelegate$BeanPostProcessorChecker : Bean 'randomForSpanIds' of type [java.util.Random] is not eligible for getting processed by all BeanPostProcessors (for example: not eligible for auto-proxying)
2019-02-27 22:50:32.272  INFO [bootstrap,,,] [paascloud-provider-uac,,,,] 12788 --- [           main] trationDelegate$BeanPostProcessorChecker : Bean 'spanNamer' of type [org.springframework.cloud.sleuth.DefaultSpanNamer] is not eligible for getting processed by all BeanPostProcessors (for example: not eligible for auto-proxying)
2019-02-27 22:50:32.277  INFO [bootstrap,,,] [paascloud-provider-uac,,,,] 12788 --- [           main] trationDelegate$BeanPostProcessorChecker : Bean 'org.springframework.cloud.sleuth.log.SleuthLogAutoConfiguration$Slf4jConfiguration' of type [org.springframework.cloud.sleuth.log.SleuthLogAutoConfiguration$Slf4jConfiguration$$EnhancerBySpringCGLIB$$86607d1b] is not eligible for getting processed by all BeanPostProcessors (for example: not eligible for auto-proxying)
2019-02-27 22:50:32.285  INFO [bootstrap,,,] [paascloud-provider-uac,,,,] 12788 --- [           main] trationDelegate$BeanPostProcessorChecker : Bean 'spring.sleuth.log.slf4j-org.springframework.cloud.sleuth.log.SleuthSlf4jProperties' of type [org.springframework.cloud.sleuth.log.SleuthSlf4jProperties] is not eligible for getting processed by all BeanPostProcessors (for example: not eligible for auto-proxying)
2019-02-27 22:50:32.287  INFO [bootstrap,,,] [paascloud-provider-uac,,,,] 12788 --- [           main] trationDelegate$BeanPostProcessorChecker : Bean 'slf4jSpanLogger' of type [org.springframework.cloud.sleuth.log.Slf4jSpanLogger] is not eligible for getting processed by all BeanPostProcessors (for example: not eligible for auto-proxying)
2019-02-27 22:50:32.296  INFO [bootstrap,,,] [paascloud-provider-uac,,,,] 12788 --- [           main] trationDelegate$BeanPostProcessorChecker : Bean 'defaultSpanAdjuster' of type [org.springframework.cloud.sleuth.NoOpSpanAdjuster] is not eligible for getting processed by all BeanPostProcessors (for example: not eligible for auto-proxying)
2019-02-27 22:50:32.298  INFO [bootstrap,,,] [paascloud-provider-uac,,,,] 12788 --- [           main] trationDelegate$BeanPostProcessorChecker : Bean 'org.springframework.cloud.sleuth.zipkin2.ZipkinAutoConfiguration' of type [org.springframework.cloud.sleuth.zipkin2.ZipkinAutoConfiguration$$EnhancerBySpringCGLIB$$730dc13b] is not eligible for getting processed by all BeanPostProcessors (for example: not eligible for auto-proxying)
2019-02-27 22:50:32.311  INFO [bootstrap,,,] [paascloud-provider-uac,,,,] 12788 --- [           main] trationDelegate$BeanPostProcessorChecker : Bean 'org.springframework.cloud.sleuth.metric.TraceMetricsAutoConfiguration$CounterServiceSpanReporterConfig' of type [org.springframework.cloud.sleuth.metric.TraceMetricsAutoConfiguration$CounterServiceSpanReporterConfig$$EnhancerBySpringCGLIB$$b2242e8d] is not eligible for getting processed by all BeanPostProcessors (for example: not eligible for auto-proxying)
2019-02-27 22:50:32.321  INFO [bootstrap,,,] [paascloud-provider-uac,,,,] 12788 --- [           main] trationDelegate$BeanPostProcessorChecker : Bean 'org.springframework.cloud.netflix.metrics.servo.ServoMetricsAutoConfiguration' of type [org.springframework.cloud.netflix.metrics.servo.ServoMetricsAutoConfiguration$$EnhancerBySpringCGLIB$$f67964e0] is not eligible for getting processed by all BeanPostProcessors (for example: not eligible for auto-proxying)
2019-02-27 22:50:32.334  INFO [bootstrap,,,] [paascloud-provider-uac,,,,] 12788 --- [           main] trationDelegate$BeanPostProcessorChecker : Bean 'servoMetricsConfig' of type [org.springframework.cloud.netflix.metrics.servo.ServoMetricsConfigBean] is not eligible for getting processed by all BeanPostProcessors (for example: not eligible for auto-proxying)
2019-02-27 22:50:32.337  INFO [bootstrap,,,] [paascloud-provider-uac,,,,] 12788 --- [           main] trationDelegate$BeanPostProcessorChecker : Bean 'monitorRegistry' of type [com.netflix.servo.DefaultMonitorRegistry] is not eligible for getting processed by all BeanPostProcessors (for example: not eligible for auto-proxying)
2019-02-27 22:50:32.342  INFO [bootstrap,,,] [paascloud-provider-uac,,,,] 12788 --- [           main] trationDelegate$BeanPostProcessorChecker : Bean 'servoMetricServices' of type [org.springframework.cloud.netflix.metrics.servo.ServoMetricServices] is not eligible for getting processed by all BeanPostProcessors (for example: not eligible for auto-proxying)
2019-02-27 22:50:32.347  INFO [bootstrap,,,] [paascloud-provider-uac,,,,] 12788 --- [           main] trationDelegate$BeanPostProcessorChecker : Bean 'org.springframework.cloud.sleuth.metric.TraceMetricsAutoConfiguration' of type [org.springframework.cloud.sleuth.metric.TraceMetricsAutoConfiguration$$EnhancerBySpringCGLIB$$2682621b] is not eligible for getting processed by all BeanPostProcessors (for example: not eligible for auto-proxying)
2019-02-27 22:50:32.353  INFO [bootstrap,,,] [paascloud-provider-uac,,,,] 12788 --- [           main] trationDelegate$BeanPostProcessorChecker : Bean 'sleuthMetricProperties' of type [org.springframework.cloud.sleuth.metric.SleuthMetricProperties] is not eligible for getting processed by all BeanPostProcessors (for example: not eligible for auto-proxying)
2019-02-27 22:50:32.356  INFO [bootstrap,,,] [paascloud-provider-uac,,,,] 12788 --- [           main] trationDelegate$BeanPostProcessorChecker : Bean 'spanReporterCounterService' of type [org.springframework.cloud.sleuth.metric.CounterServiceBasedSpanMetricReporter] is not eligible for getting processed by all BeanPostProcessors (for example: not eligible for auto-proxying)
2019-02-27 22:50:32.367  INFO [bootstrap,,,] [paascloud-provider-uac,,,,] 12788 --- [           main] trationDelegate$BeanPostProcessorChecker : Bean 'spring.zipkin-org.springframework.cloud.sleuth.zipkin2.ZipkinProperties' of type [org.springframework.cloud.sleuth.zipkin2.ZipkinProperties] is not eligible for getting processed by all BeanPostProcessors (for example: not eligible for auto-proxying)
2019-02-27 22:50:32.375  INFO [bootstrap,,,] [paascloud-provider-uac,,,,] 12788 --- [           main] trationDelegate$BeanPostProcessorChecker : Bean 'org.springframework.cloud.sleuth.zipkin2.sender.ZipkinRabbitSenderConfiguration' of type [org.springframework.cloud.sleuth.zipkin2.sender.ZipkinRabbitSenderConfiguration$$EnhancerBySpringCGLIB$$b4dd859a] is not eligible for getting processed by all BeanPostProcessors (for example: not eligible for auto-proxying)
2019-02-27 22:50:32.386  INFO [bootstrap,,,] [paascloud-provider-uac,,,,] 12788 --- [           main] trationDelegate$BeanPostProcessorChecker : Bean 'org.springframework.boot.autoconfigure.amqp.RabbitAutoConfiguration$RabbitConnectionFactoryCreator' of type [org.springframework.boot.autoconfigure.amqp.RabbitAutoConfiguration$RabbitConnectionFactoryCreator$$EnhancerBySpringCGLIB$$88e2cc47] is not eligible for getting processed by all BeanPostProcessors (for example: not eligible for auto-proxying)
2019-02-27 22:50:32.400  INFO [bootstrap,,,] [paascloud-provider-uac,,,,] 12788 --- [           main] trationDelegate$BeanPostProcessorChecker : Bean 'spring.rabbitmq-org.springframework.boot.autoconfigure.amqp.RabbitProperties' of type [org.springframework.boot.autoconfigure.amqp.RabbitProperties] is not eligible for getting processed by all BeanPostProcessors (for example: not eligible for auto-proxying)
2019-02-27 22:50:32.409  INFO [bootstrap,,,] [paascloud-provider-uac,,,,] 12788 --- [           main] trationDelegate$BeanPostProcessorChecker : Bean 'rabbitConnectionFactory' of type [org.springframework.amqp.rabbit.connection.CachingConnectionFactory] is not eligible for getting processed by all BeanPostProcessors (for example: not eligible for auto-proxying)
2019-02-27 22:50:32.430  INFO [bootstrap,,,] [paascloud-provider-uac,,,,] 12788 --- [           main] trationDelegate$BeanPostProcessorChecker : Bean 'rabbitSender' of type [zipkin2.reporter.amqp.AutoValue_RabbitMQSender] is not eligible for getting processed by all BeanPostProcessors (for example: not eligible for auto-proxying)
2019-02-27 22:50:32.441  INFO [bootstrap,,,] [paascloud-provider-uac,,,,] 12788 --- [           main] trationDelegate$BeanPostProcessorChecker : Bean 'reporter' of type [zipkin2.reporter.AsyncReporter$BoundedAsyncReporter] is not eligible for getting processed by all BeanPostProcessors (for example: not eligible for auto-proxying)
2019-02-27 22:50:32.452  INFO [bootstrap,,,] [paascloud-provider-uac,,,,] 12788 --- [           main] trationDelegate$BeanPostProcessorChecker : Bean 'org.springframework.boot.autoconfigure.web.ServerPropertiesAutoConfiguration' of type [org.springframework.boot.autoconfigure.web.ServerPropertiesAutoConfiguration$$EnhancerBySpringCGLIB$$b64dd20a] is not eligible for getting processed by all BeanPostProcessors (for example: not eligible for auto-proxying)
2019-02-27 22:50:32.464  INFO [bootstrap,,,] [paascloud-provider-uac,,,,] 12788 --- [           main] trationDelegate$BeanPostProcessorChecker : Bean 'serverProperties' of type [org.springframework.boot.autoconfigure.web.ServerProperties] is not eligible for getting processed by all BeanPostProcessors (for example: not eligible for auto-proxying)
2019-02-27 22:50:32.477  INFO [bootstrap,,,] [paascloud-provider-uac,,,,] 12788 --- [           main] trationDelegate$BeanPostProcessorChecker : Bean 'org.springframework.cloud.sleuth.zipkin2.ZipkinAutoConfiguration$DefaultEndpointLocatorConfiguration' of type [org.springframework.cloud.sleuth.zipkin2.ZipkinAutoConfiguration$DefaultEndpointLocatorConfiguration$$EnhancerBySpringCGLIB$$52b708cd] is not eligible for getting processed by all BeanPostProcessors (for example: not eligible for auto-proxying)
2019-02-27 22:50:32.724  INFO [bootstrap,,,] [paascloud-provider-uac,,,,] 12788 --- [           main] trationDelegate$BeanPostProcessorChecker : Bean 'zipkinEndpointLocator' of type [org.springframework.cloud.sleuth.zipkin2.DefaultEndpointLocator] is not eligible for getting processed by all BeanPostProcessors (for example: not eligible for auto-proxying)
2019-02-27 22:50:32.731  INFO [bootstrap,,,] [paascloud-provider-uac,,,,] 12788 --- [           main] trationDelegate$BeanPostProcessorChecker : Bean 'zipkinSpanListener' of type [org.springframework.cloud.sleuth.zipkin2.ZipkinSpanReporter] is not eligible for getting processed by all BeanPostProcessors (for example: not eligible for auto-proxying)
2019-02-27 22:50:32.738  INFO [bootstrap,,,] [paascloud-provider-uac,,,,] 12788 --- [           main] trationDelegate$BeanPostProcessorChecker : Bean 'spring.sleuth.keys-org.springframework.cloud.sleuth.TraceKeys' of type [org.springframework.cloud.sleuth.TraceKeys] is not eligible for getting processed by all BeanPostProcessors (for example: not eligible for auto-proxying)
2019-02-27 22:50:32.742  INFO [bootstrap,,,] [paascloud-provider-uac,,,,] 12788 --- [           main] trationDelegate$BeanPostProcessorChecker : Bean 'sleuthTracer' of type [org.springframework.cloud.sleuth.trace.DefaultTracer] is not eligible for getting processed by all BeanPostProcessors (for example: not eligible for auto-proxying)
2019-02-27 22:50:32.748  INFO [bootstrap,,,] [paascloud-provider-uac,,,,] 12788 --- [           main] trationDelegate$BeanPostProcessorChecker : Bean 'org.springframework.cloud.sleuth.instrument.web.TraceHttpAutoConfiguration' of type [org.springframework.cloud.sleuth.instrument.web.TraceHttpAutoConfiguration$$EnhancerBySpringCGLIB$$e6765f89] is not eligible for getting processed by all BeanPostProcessors (for example: not eligible for auto-proxying)
2019-02-27 22:50:32.753  INFO [bootstrap,,,] [paascloud-provider-uac,,,,] 12788 --- [           main] trationDelegate$BeanPostProcessorChecker : Bean 'httpSpanInjector' of type [org.springframework.cloud.sleuth.instrument.web.ZipkinHttpSpanInjector] is not eligible for getting processed by all BeanPostProcessors (for example: not eligible for auto-proxying)
2019-02-27 22:50:32.762  INFO [bootstrap,,,] [paascloud-provider-uac,,,,] 12788 --- [           main] trationDelegate$BeanPostProcessorChecker : Bean 'httpTraceKeysInjector' of type [org.springframework.cloud.sleuth.instrument.web.HttpTraceKeysInjector] is not eligible for getting processed by all BeanPostProcessors (for example: not eligible for auto-proxying)
2019-02-27 22:50:32.767  INFO [bootstrap,,,] [paascloud-provider-uac,,,,] 12788 --- [           main] trationDelegate$BeanPostProcessorChecker : Bean 'defaultErrorParser' of type [org.springframework.cloud.sleuth.ExceptionMessageErrorParser] is not eligible for getting processed by all BeanPostProcessors (for example: not eligible for auto-proxying)
2019-02-27 22:50:32.769  INFO [bootstrap,,,] [paascloud-provider-uac,,,,] 12788 --- [           main] trationDelegate$BeanPostProcessorChecker : Bean 'traceRestTemplateInterceptor' of type [org.springframework.cloud.sleuth.instrument.web.client.TraceRestTemplateInterceptor] is not eligible for getting processed by all BeanPostProcessors (for example: not eligible for auto-proxying)
2019-02-27 22:50:32.772  INFO [bootstrap,,,] [paascloud-provider-uac,,,,] 12788 --- [           main] trationDelegate$BeanPostProcessorChecker : Bean 'org.springframework.cloud.sleuth.instrument.web.client.TraceWebClientAutoConfiguration$TraceInterceptorConfiguration' of type [org.springframework.cloud.sleuth.instrument.web.client.TraceWebClientAutoConfiguration$TraceInterceptorConfiguration$$EnhancerBySpringCGLIB$$aa6867eb] is not eligible for getting processed by all BeanPostProcessors (for example: not eligible for auto-proxying)
2019-02-27 22:50:32.870  INFO [bootstrap,,,] [paascloud-provider-uac,,,,] 12788 --- [           main] c.p.core.interceptor.SqlLogInterceptor   : [鎵撳嵃SQL鎷︽埅鍣ㄥ垱寤篯noticeTime=5.0绉�
2019-02-27 22:50:33.376  INFO [bootstrap,,,] [paascloud-provider-uac,,,,] 12788 --- [           main] s.c.a.AnnotationConfigApplicationContext : Refreshing org.springframework.context.annotation.AnnotationConfigApplicationContext@64c44cd7: startup date [Wed Feb 27 22:50:33 CST 2019]; parent: org.springframework.web.context.support.GenericWebApplicationContext@37b7f6b4
2019-02-27 22:50:33.385  INFO [bootstrap,,,] [paascloud-provider-uac,,,,] 12788 --- [           main] f.a.AutowiredAnnotationBeanPostProcessor : JSR-330 'javax.inject.Inject' annotation found and supported for autowiring
2019-02-27 22:50:33.769  INFO [bootstrap,,,] [paascloud-provider-uac,,,,] 12788 --- [           main] o.s.b.t.m.w.SpringBootMockServletContext : jolokia: No access restrictor found, access to any MBean is allowed
2019-02-27 22:50:34.360  INFO [bootstrap,,,] [paascloud-provider-uac,,,,] 12788 --- [           main] o.s.w.s.v.f.FreeMarkerConfigurer         : ClassTemplateLoader for Spring macros added to FreeMarker configuration
2019-02-27 22:50:34.664  INFO [bootstrap,,,] [paascloud-provider-uac,,,,] 12788 --- [           main] s.c.a.AnnotationConfigApplicationContext : Refreshing org.springframework.context.annotation.AnnotationConfigApplicationContext@5a2491f4: startup date [Wed Feb 27 22:50:34 CST 2019]; parent: org.springframework.web.context.support.GenericWebApplicationContext@37b7f6b4
2019-02-27 22:50:34.675  INFO [bootstrap,,,] [paascloud-provider-uac,,,,] 12788 --- [           main] f.a.AutowiredAnnotationBeanPostProcessor : JSR-330 'javax.inject.Inject' annotation found and supported for autowiring
2019-02-27 22:50:34.894  WARN [bootstrap,,,] [paascloud-provider-uac,,,,] 12788 --- [           main] o.s.s.o.p.t.s.JwtAccessTokenConverter    : Unable to create an RSA verifier from verifierKey (ignoreable if using MAC)
2019-02-27 22:50:35.155  INFO [bootstrap,,,] [paascloud-provider-uac,,,,] 12788 --- [           main] s.c.a.AnnotationConfigApplicationContext : Refreshing org.springframework.context.annotation.AnnotationConfigApplicationContext@37de986c: startup date [Wed Feb 27 22:50:35 CST 2019]; parent: org.springframework.web.context.support.GenericWebApplicationContext@37b7f6b4
2019-02-27 22:50:35.166  INFO [bootstrap,,,] [paascloud-provider-uac,,,,] 12788 --- [           main] f.a.AutowiredAnnotationBeanPostProcessor : JSR-330 'javax.inject.Inject' annotation found and supported for autowiring
2019-02-27 22:50:35.395  INFO [bootstrap,,,] [paascloud-provider-uac,,,,] 12788 --- [           main] s.c.a.AnnotationConfigApplicationContext : Refreshing org.springframework.context.annotation.AnnotationConfigApplicationContext@1437b5a9: startup date [Wed Feb 27 22:50:35 CST 2019]; parent: org.springframework.web.context.support.GenericWebApplicationContext@37b7f6b4
2019-02-27 22:50:35.408  INFO [bootstrap,,,] [paascloud-provider-uac,,,,] 12788 --- [           main] f.a.AutowiredAnnotationBeanPostProcessor : JSR-330 'javax.inject.Inject' annotation found and supported for autowiring
2019-02-27 22:50:36.111  INFO [bootstrap,,,] [paascloud-provider-uac,,,,] 12788 --- [           main] s.w.s.m.m.a.RequestMappingHandlerMapping : Mapped "{[/auth/activeUser/{activeUserToken}],methods=[GET]}" onto public com.paascloud.wrapper.Wrapper com.paascloud.provider.web.admin.AuthRestController.activeUser(java.lang.String)
2019-02-27 22:50:36.111  INFO [bootstrap,,,] [paascloud-provider-uac,,,,] 12788 --- [           main] s.w.s.m.m.a.RequestMappingHandlerMapping : Mapped "{[/auth/submitResetPwdPhone],methods=[POST]}" onto public com.paascloud.wrapper.Wrapper<java.lang.String> com.paascloud.provider.web.admin.AuthRestController.submitResetPwdPhone(java.lang.String,javax.servlet.http.HttpServletResponse)
2019-02-27 22:50:36.111  INFO [bootstrap,,,] [paascloud-provider-uac,,,,] 12788 --- [           main] s.w.s.m.m.a.RequestMappingHandlerMapping : Mapped "{[/auth/submitResetPwdEmail],methods=[POST]}" onto public com.paascloud.wrapper.Wrapper<java.lang.String> com.paascloud.provider.web.admin.AuthRestController.submitResetPwdEmail(java.lang.String)
2019-02-27 22:50:36.111  INFO [bootstrap,,,] [paascloud-provider-uac,,,,] 12788 --- [           main] s.w.s.m.m.a.RequestMappingHandlerMapping : Mapped "{[/auth/resetLoginPwd],methods=[POST]}" onto public com.paascloud.wrapper.Wrapper<java.lang.Boolean> com.paascloud.provider.web.admin.AuthRestController.checkResetSmsCode(com.paascloud.provider.model.dto.user.ResetLoginPwdDto)
2019-02-27 22:50:36.112  INFO [bootstrap,,,] [paascloud-provider-uac,,,,] 12788 --- [           main] s.w.s.m.m.a.RequestMappingHandlerMapping : Mapped "{[/auth/saveLog],methods=[POST]}" onto public java.lang.Integer com.paascloud.provider.web.admin.AuthRestController.saveLog(com.paascloud.core.annotation.OperationLogDto)
2019-02-27 22:50:36.112  INFO [bootstrap,,,] [paascloud-provider-uac,,,,] 12788 --- [           main] s.w.s.m.m.a.RequestMappingHandlerMapping : Mapped "{[/auth/callback/qq],methods=[POST]}" onto public void com.paascloud.provider.web.admin.AuthRestController.callbackQQ(javax.servlet.http.HttpServletRequest)
2019-02-27 22:50:36.112  INFO [bootstrap,,,] [paascloud-provider-uac,,,,] 12788 --- [           main] s.w.s.m.m.a.RequestMappingHandlerMapping : Mapped "{[/auth/register],methods=[POST]}" onto public com.paascloud.wrapper.Wrapper com.paascloud.provider.web.admin.AuthRestController.registerUser(com.paascloud.provider.model.dto.user.UserRegisterDto)
2019-02-27 22:50:36.112  INFO [bootstrap,,,] [paascloud-provider-uac,,,,] 12788 --- [           main] s.w.s.m.m.a.RequestMappingHandlerMapping : Mapped "{[/auth/checkPhoneActive/{mobileNo}],methods=[POST]}" onto public com.paascloud.wrapper.Wrapper<java.lang.Boolean> com.paascloud.provider.web.admin.AuthRestController.checkPhoneActive(java.lang.String)
2019-02-27 22:50:36.112  INFO [bootstrap,,,] [paascloud-provider-uac,,,,] 12788 --- [           main] s.w.s.m.m.a.RequestMappingHandlerMapping : Mapped "{[/auth/checkValid],methods=[POST]}" onto public com.paascloud.wrapper.Wrapper com.paascloud.provider.web.admin.AuthRestController.checkValid(com.paascloud.base.dto.CheckValidDto)
2019-02-27 22:50:36.112  INFO [bootstrap,,,] [paascloud-provider-uac,,,,] 12788 --- [           main] s.w.s.m.m.a.RequestMappingHandlerMapping : Mapped "{[/auth/checkEmailActive/{email:.+}],methods=[POST]}" onto public com.paascloud.wrapper.Wrapper<java.lang.Boolean> com.paascloud.provider.web.admin.AuthRestController.checkEmailActive(java.lang.String)
2019-02-27 22:50:36.113  INFO [bootstrap,,,] [paascloud-provider-uac,,,,] 12788 --- [           main] s.w.s.m.m.a.RequestMappingHandlerMapping : Mapped "{[/action/checkActionCode],methods=[POST],produces=[application/json;charset=UTF-8]}" onto public com.paascloud.wrapper.Wrapper<java.lang.Boolean> com.paascloud.provider.web.admin.UacActionCommonController.checkActionCode(com.paascloud.provider.model.dto.action.UacActionCheckCodeDto)
2019-02-27 22:50:36.114  INFO [bootstrap,,,] [paascloud-provider-uac,,,,] 12788 --- [           main] s.w.s.m.m.a.RequestMappingHandlerMapping : Mapped "{[/action/checkUrl],methods=[POST],produces=[application/json;charset=UTF-8]}" onto public com.paascloud.wrapper.Wrapper<java.lang.Boolean> com.paascloud.provider.web.admin.UacActionCommonController.checkActionUrl(com.paascloud.provider.model.dto.action.UacActionCheckUrlDto)
2019-02-27 22:50:36.115  INFO [bootstrap,,,] [paascloud-provider-uac,,,,] 12788 --- [           main] s.w.s.m.m.a.RequestMappingHandlerMapping : Mapped "{[/action/save],methods=[POST],produces=[application/json;charset=UTF-8]}" onto public com.paascloud.wrapper.Wrapper com.paascloud.provider.web.admin.UacActionMainController.save(com.paascloud.provider.model.domain.UacAction)
2019-02-27 22:50:36.115  INFO [bootstrap,,,] [paascloud-provider-uac,,,,] 12788 --- [           main] s.w.s.m.m.a.RequestMappingHandlerMapping : Mapped "{[/action/batchDeleteByIdList],methods=[POST],produces=[application/json;charset=UTF-8]}" onto public com.paascloud.wrapper.Wrapper com.paascloud.provider.web.admin.UacActionMainController.batchDeleteByIdList(java.util.List<java.lang.Long>)
2019-02-27 22:50:36.115  INFO [bootstrap,,,] [paascloud-provider-uac,,,,] 12788 --- [           main] s.w.s.m.m.a.RequestMappingHandlerMapping : Mapped "{[/action/modifyStatus],methods=[POST],produces=[application/json;charset=UTF-8]}" onto public com.paascloud.wrapper.Wrapper com.paascloud.provider.web.admin.UacActionMainController.modifyActionStatus(com.paascloud.provider.model.dto.base.ModifyStatusDto)
2019-02-27 22:50:36.116  INFO [bootstrap,,,] [paascloud-provider-uac,,,,] 12788 --- [           main] s.w.s.m.m.a.RequestMappingHandlerMapping : Mapped "{[/action/queryListWithPage],methods=[POST],produces=[application/json;charset=UTF-8]}" onto public com.paascloud.wrapper.Wrapper com.paascloud.provider.web.admin.UacActionMainController.queryUacActionListWithPage(com.paascloud.provider.model.dto.action.ActionMainQueryDto)
2019-02-27 22:50:36.116  INFO [bootstrap,,,] [paascloud-provider-uac,,,,] 12788 --- [           main] s.w.s.m.m.a.RequestMappingHandlerMapping : Mapped "{[/action/deleteActionById/{id}],methods=[POST],produces=[application/json;charset=UTF-8]}" onto public com.paascloud.wrapper.Wrapper com.paascloud.provider.web.admin.UacActionMainController.deleteUacActionById(java.lang.Long)
2019-02-27 22:50:36.116  INFO [bootstrap,,,] [paascloud-provider-uac,,,,] 12788 --- [           main] s.w.s.m.m.a.RequestMappingHandlerMapping : Mapped "{[/role/bindMenu],methods=[POST],produces=[application/json;charset=UTF-8]}" onto public com.paascloud.wrapper.Wrapper com.paascloud.provider.web.admin.UacGrantAuth4RoleController.bindMenu(com.paascloud.provider.model.dto.role.RoleBindMenuDto)
2019-02-27 22:50:36.116  INFO [bootstrap,,,] [paascloud-provider-uac,,,,] 12788 --- [           main] s.w.s.m.m.a.RequestMappingHandlerMapping : Mapped "{[/role/bindAction],methods=[POST],produces=[application/json;charset=UTF-8]}" onto public com.paascloud.wrapper.Wrapper com.paascloud.provider.web.admin.UacGrantAuth4RoleController.bindAction(com.paascloud.provider.model.dto.role.RoleBindActionDto)
2019-02-27 22:50:36.117  INFO [bootstrap,,,] [paascloud-provider-uac,,,,] 12788 --- [           main] s.w.s.m.m.a.RequestMappingHandlerMapping : Mapped "{[/group/bindUser],methods=[POST],produces=[application/json;charset=UTF-8]}" onto public com.paascloud.wrapper.Wrapper com.paascloud.provider.web.admin.UacGroupBindUserController.bindUser4Role(com.paascloud.provider.model.dto.group.GroupBindUserReqDto)
2019-02-27 22:50:36.117  INFO [bootstrap,,,] [paascloud-provider-uac,,,,] 12788 --- [           main] s.w.s.m.m.a.RequestMappingHandlerMapping : Mapped "{[/group/getBindUser/{groupId}],methods=[POST],produces=[application/json;charset=UTF-8]}" onto public com.paascloud.wrapper.Wrapper<com.paascloud.provider.model.dto.group.GroupBindUserDto> com.paascloud.provider.web.admin.UacGroupBindUserController.getGroupBindUserPageInfo(java.lang.Long)
2019-02-27 22:50:36.118  INFO [bootstrap,,,] [paascloud-provider-uac,,,,] 12788 --- [           main] s.w.s.m.m.a.RequestMappingHandlerMapping : Mapped "{[/group/checkGroupName],methods=[POST],produces=[application/json;charset=UTF-8]}" onto public com.paascloud.wrapper.Wrapper<java.lang.Boolean> com.paascloud.provider.web.admin.UacGroupCommonController.checkGroupName(com.paascloud.provider.model.dto.group.CheckGroupNameDto)
2019-02-27 22:50:36.118  INFO [bootstrap,,,] [paascloud-provider-uac,,,,] 12788 --- [           main] s.w.s.m.m.a.RequestMappingHandlerMapping : Mapped "{[/group/checkGroupCode],methods=[POST],produces=[application/json;charset=UTF-8]}" onto public com.paascloud.wrapper.Wrapper<java.lang.Boolean> com.paascloud.provider.web.admin.UacGroupCommonController.checkGroupCode(com.paascloud.provider.model.dto.group.CheckGroupCodeDto)
2019-02-27 22:50:36.118  INFO [bootstrap,,,] [paascloud-provider-uac,,,,] 12788 --- [           main] s.w.s.m.m.a.RequestMappingHandlerMapping : Mapped "{[/group/queryGroupType],methods=[POST],produces=[application/json;charset=UTF-8]}" onto public com.paascloud.wrapper.Wrapper<java.util.List<java.util.Map<java.lang.String, java.lang.String>>> com.paascloud.provider.web.admin.UacGroupCommonController.queryGroupType()
2019-02-27 22:50:36.118  INFO [bootstrap,,,] [paascloud-provider-uac,,,,] 12788 --- [           main] s.w.s.m.m.a.RequestMappingHandlerMapping : Mapped "{[/group/getGroupTree],methods=[POST],produces=[application/json;charset=UTF-8]}" onto public com.paascloud.wrapper.Wrapper<java.util.List<com.paascloud.provider.model.vo.GroupZtreeVo>> com.paascloud.provider.web.admin.UacGroupCommonController.getGroupTreeById()
2019-02-27 22:50:36.118  INFO [bootstrap,,,] [paascloud-provider-uac,,,,] 12788 --- [           main] s.w.s.m.m.a.RequestMappingHandlerMapping : Mapped "{[/group/getGroupTree/{groupId}],methods=[POST],produces=[application/json;charset=UTF-8]}" onto public com.paascloud.wrapper.Wrapper<java.util.List<com.paascloud.provider.model.vo.GroupZtreeVo>> com.paascloud.provider.web.admin.UacGroupCommonController.getGroupTreeById(java.lang.Long)
2019-02-27 22:50:36.119  INFO [bootstrap,,,] [paascloud-provider-uac,,,,] 12788 --- [           main] s.w.s.m.m.a.RequestMappingHandlerMapping : Mapped "{[/group/getTree],methods=[POST],produces=[application/json;charset=UTF-8]}" onto public com.paascloud.wrapper.Wrapper<java.util.List<com.paascloud.provider.model.vo.MenuVo>> com.paascloud.provider.web.admin.UacGroupMainController.getTree()
2019-02-27 22:50:36.120  INFO [bootstrap,,,] [paascloud-provider-uac,,,,] 12788 --- [           main] s.w.s.m.m.a.RequestMappingHandlerMapping : Mapped "{[/group/queryById/{id}],methods=[POST],produces=[application/json;charset=UTF-8]}" onto public com.paascloud.wrapper.Wrapper<com.paascloud.provider.model.domain.UacGroup> com.paascloud.provider.web.admin.UacGroupMainController.getEditGroupPageInfo(java.lang.Long)
2019-02-27 22:50:36.120  INFO [bootstrap,,,] [paascloud-provider-uac,,,,] 12788 --- [           main] s.w.s.m.m.a.RequestMappingHandlerMapping : Mapped "{[/group/modifyStatus],methods=[POST],produces=[application/json;charset=UTF-8]}" onto public com.paascloud.wrapper.Wrapper com.paascloud.provider.web.admin.UacGroupMainController.modifyGroupStatus(com.paascloud.provider.model.dto.user.IdStatusDto)
2019-02-27 22:50:36.120  INFO [bootstrap,,,] [paascloud-provider-uac,,,,] 12788 --- [           main] s.w.s.m.m.a.RequestMappingHandlerMapping : Mapped "{[/group/save],methods=[POST],produces=[application/json;charset=UTF-8]}" onto public com.paascloud.wrapper.Wrapper com.paascloud.provider.web.admin.UacGroupMainController.editGroup(com.paascloud.provider.model.domain.UacGroup)
2019-02-27 22:50:36.120  INFO [bootstrap,,,] [paascloud-provider-uac,,,,] 12788 --- [           main] s.w.s.m.m.a.RequestMappingHandlerMapping : Mapped "{[/group/deleteById/{id}],methods=[POST],produces=[application/json;charset=UTF-8]}" onto public com.paascloud.wrapper.Wrapper com.paascloud.provider.web.admin.UacGroupMainController.deleteGroupById(java.lang.Long)
2019-02-27 22:50:36.121  INFO [bootstrap,,,] [paascloud-provider-uac,,,,] 12788 --- [           main] s.w.s.m.m.a.RequestMappingHandlerMapping : Mapped "{[/log/queryListWithPage],methods=[POST],produces=[application/json;charset=UTF-8]}" onto public com.paascloud.wrapper.Wrapper com.paascloud.provider.web.admin.UacLogMainController.queryLogListWithPage(com.paascloud.provider.model.dto.log.UacLogMainDto)
2019-02-27 22:50:36.121  INFO [bootstrap,,,] [paascloud-provider-uac,,,,] 12788 --- [           main] s.w.s.m.m.a.RequestMappingHandlerMapping : Mapped "{[/menu/checkMenuCode],methods=[POST],produces=[application/json;charset=UTF-8]}" onto public com.paascloud.wrapper.Wrapper<java.lang.Boolean> com.paascloud.provider.web.admin.UacMenuCommonController.checkUacMenuActionCode(com.paascloud.provider.model.dto.menu.UacMenuCheckCodeDto)
2019-02-27 22:50:36.122  INFO [bootstrap,,,] [paascloud-provider-uac,,,,] 12788 --- [           main] s.w.s.m.m.a.RequestMappingHandlerMapping : Mapped "{[/menu/checkMenuUrl],methods=[POST],produces=[application/json;charset=UTF-8]}" onto public com.paascloud.wrapper.Wrapper<java.lang.Boolean> com.paascloud.provider.web.admin.UacMenuCommonController.checkUacMenuUrl(com.paascloud.provider.model.dto.menu.UacMenuCheckUrlDto)
2019-02-27 22:50:36.122  INFO [bootstrap,,,] [paascloud-provider-uac,,,,] 12788 --- [           main] s.w.s.m.m.a.RequestMappingHandlerMapping : Mapped "{[/menu/checkMenuName],methods=[POST],produces=[application/json;charset=UTF-8]}" onto public com.paascloud.wrapper.Wrapper<java.lang.Boolean> com.paascloud.provider.web.admin.UacMenuCommonController.checkUacMenuName(com.paascloud.provider.model.dto.menu.UacMenuCheckNameDto)
2019-02-27 22:50:36.123  INFO [bootstrap,,,] [paascloud-provider-uac,,,,] 12788 --- [           main] s.w.s.m.m.a.RequestMappingHandlerMapping : Mapped "{[/menu/deleteById/{id}],methods=[POST],produces=[application/json;charset=UTF-8]}" onto public com.paascloud.wrapper.Wrapper<java.lang.Integer> com.paascloud.provider.web.admin.UacMenuMainController.deleteUacMenuById(java.lang.Long)
2019-02-27 22:50:36.123  INFO [bootstrap,,,] [paascloud-provider-uac,,,,] 12788 --- [           main] s.w.s.m.m.a.RequestMappingHandlerMapping : Mapped "{[/menu/modifyStatus],methods=[POST],produces=[application/json;charset=UTF-8]}" onto public com.paascloud.wrapper.Wrapper com.paascloud.provider.web.admin.UacMenuMainController.updateUacMenuStatusById(com.paascloud.provider.model.dto.menu.UacMenuStatusDto)
2019-02-27 22:50:36.123  INFO [bootstrap,,,] [paascloud-provider-uac,,,,] 12788 --- [           main] s.w.s.m.m.a.RequestMappingHandlerMapping : Mapped "{[/menu/getTree],methods=[POST],produces=[application/json;charset=UTF-8]}" onto public com.paascloud.wrapper.Wrapper<java.util.List<com.paascloud.provider.model.vo.MenuVo>> com.paascloud.provider.web.admin.UacMenuMainController.queryMenuTreeList()
2019-02-27 22:50:36.124  INFO [bootstrap,,,] [paascloud-provider-uac,,,,] 12788 --- [           main] s.w.s.m.m.a.RequestMappingHandlerMapping : Mapped "{[/menu/queryById/{id}],methods=[POST],produces=[application/json;charset=UTF-8]}" onto public com.paascloud.wrapper.Wrapper<com.paascloud.provider.model.vo.ViewMenuVo> com.paascloud.provider.web.admin.UacMenuMainController.queryMenuVoById(java.lang.Long)
2019-02-27 22:50:36.124  INFO [bootstrap,,,] [paascloud-provider-uac,,,,] 12788 --- [           main] s.w.s.m.m.a.RequestMappingHandlerMapping : Mapped "{[/menu/save],methods=[POST],produces=[application/json;charset=UTF-8]}" onto public com.paascloud.wrapper.Wrapper com.paascloud.provider.web.admin.UacMenuMainController.saveMenu(com.paascloud.provider.model.dto.menu.UacEditMenuDto)
2019-02-27 22:50:36.124  INFO [bootstrap,,,] [paascloud-provider-uac,,,,] 12788 --- [           main] s.w.s.m.m.a.RequestMappingHandlerMapping : Mapped "{[/role/bindUser],methods=[POST],produces=[application/json;charset=UTF-8]}" onto public com.paascloud.wrapper.Wrapper com.paascloud.provider.web.admin.UacRoleBindUserController.bindUser(com.paascloud.provider.model.dto.role.RoleBindUserReqDto)
2019-02-27 22:50:36.124  INFO [bootstrap,,,] [paascloud-provider-uac,,,,] 12788 --- [           main] s.w.s.m.m.a.RequestMappingHandlerMapping : Mapped "{[/role/getBindUser/{roleId}],methods=[POST],produces=[application/json;charset=UTF-8]}" onto public com.paascloud.wrapper.Wrapper<com.paascloud.provider.model.dto.role.RoleBindUserDto> com.paascloud.provider.web.admin.UacRoleBindUserController.getBindUser(java.lang.Long)
2019-02-27 22:50:36.125  INFO [bootstrap,,,] [paascloud-provider-uac,,,,] 12788 --- [           main] s.w.s.m.m.a.RequestMappingHandlerMapping : Mapped "{[/role/getMenuTreeByRoleId/{roleId}],methods=[POST],produces=[application/json;charset=UTF-8]}" onto public com.paascloud.wrapper.Wrapper<com.paascloud.provider.model.vo.BindAuthVo> com.paascloud.provider.web.admin.UacRoleCommonController.getMenuTreeByRoleId(java.lang.Long)
2019-02-27 22:50:36.125  INFO [bootstrap,,,] [paascloud-provider-uac,,,,] 12788 --- [           main] s.w.s.m.m.a.RequestMappingHandlerMapping : Mapped "{[/role/getActionTreeByRoleId/{roleId}],methods=[POST],produces=[application/json;charset=UTF-8]}" onto public com.paascloud.wrapper.Wrapper<com.paascloud.provider.model.vo.BindAuthVo> com.paascloud.provider.web.admin.UacRoleCommonController.getActionTreeByRoleId(java.lang.Long)
2019-02-27 22:50:36.126  INFO [bootstrap,,,] [paascloud-provider-uac,,,,] 12788 --- [           main] s.w.s.m.m.a.RequestMappingHandlerMapping : Mapped "{[/role/queryRoleInfoById/{id}],methods=[POST],produces=[application/json;charset=UTF-8]}" onto public com.paascloud.wrapper.Wrapper<com.paascloud.provider.model.domain.UacRole> com.paascloud.provider.web.admin.UacRoleCommonController.queryRoleInfo(java.lang.Long)
2019-02-27 22:50:36.126  INFO [bootstrap,,,] [paascloud-provider-uac,,,,] 12788 --- [           main] s.w.s.m.m.a.RequestMappingHandlerMapping : Mapped "{[/role/checkRoleCode],methods=[POST],produces=[application/json;charset=UTF-8]}" onto public com.paascloud.wrapper.Wrapper<java.lang.Boolean> com.paascloud.provider.web.admin.UacRoleCommonController.checkUacRoleCode(com.paascloud.provider.model.dto.role.CheckRoleCodeDto)
2019-02-27 22:50:36.126  INFO [bootstrap,,,] [paascloud-provider-uac,,,,] 12788 --- [           main] s.w.s.m.m.a.RequestMappingHandlerMapping : Mapped "{[/role/save],methods=[POST],produces=[application/json;charset=UTF-8]}" onto public com.paascloud.wrapper.Wrapper com.paascloud.provider.web.admin.UacRoleMainController.save(com.paascloud.provider.model.domain.UacRole)
2019-02-27 22:50:36.127  INFO [bootstrap,,,] [paascloud-provider-uac,,,,] 12788 --- [           main] s.w.s.m.m.a.RequestMappingHandlerMapping : Mapped "{[/role/batchDeleteByIdList],methods=[POST],produces=[application/json;charset=UTF-8]}" onto public com.paascloud.wrapper.Wrapper com.paascloud.provider.web.admin.UacRoleMainController.batchDeleteByIdList(java.util.List<java.lang.Long>)
2019-02-27 22:50:36.127  INFO [bootstrap,,,] [paascloud-provider-uac,,,,] 12788 --- [           main] s.w.s.m.m.a.RequestMappingHandlerMapping : Mapped "{[/role/deleteRoleById/{id}],methods=[POST],produces=[application/json;charset=UTF-8]}" onto public com.paascloud.wrapper.Wrapper com.paascloud.provider.web.admin.UacRoleMainController.deleteUacRoleById(java.lang.Long)
2019-02-27 22:50:36.127  INFO [bootstrap,,,] [paascloud-provider-uac,,,,] 12788 --- [           main] s.w.s.m.m.a.RequestMappingHandlerMapping : Mapped "{[/role/modifyRoleStatusById],methods=[POST],produces=[application/json;charset=UTF-8]}" onto public com.paascloud.wrapper.Wrapper com.paascloud.provider.web.admin.UacRoleMainController.modifyUacRoleStatusById(com.paascloud.provider.model.dto.base.ModifyStatusDto)
2019-02-27 22:50:36.127  INFO [bootstrap,,,] [paascloud-provider-uac,,,,] 12788 --- [           main] s.w.s.m.m.a.RequestMappingHandlerMapping : Mapped "{[/role/queryRoleListWithPage],methods=[POST],produces=[application/json;charset=UTF-8]}" onto public com.paascloud.wrapper.Wrapper<com.github.pagehelper.PageInfo<com.paascloud.provider.model.vo.RoleVo>> com.paascloud.provider.web.admin.UacRoleMainController.queryUacRoleListWithPage(com.paascloud.provider.model.domain.UacRole)
2019-02-27 22:50:36.128  INFO [bootstrap,,,] [paascloud-provider-uac,,,,] 12788 --- [           main] s.w.s.m.m.a.RequestMappingHandlerMapping : Mapped "{[/token/queryListWithPage],methods=[POST],produces=[application/json;charset=UTF-8]}" onto public com.paascloud.wrapper.Wrapper com.paascloud.provider.web.admin.UacTokenMainController.queryUacActionListWithPage(com.paascloud.provider.model.dto.token.TokenMainQueryDto)
2019-02-27 22:50:36.129  INFO [bootstrap,,,] [paascloud-provider-uac,,,,] 12788 --- [           main] s.w.s.m.m.a.RequestMappingHandlerMapping : Mapped "{[/user/modifyUserEmail/{email}/{emailCode}],methods=[POST],produces=[application/json;charset=UTF-8]}" onto public com.paascloud.wrapper.Wrapper<java.lang.Integer> com.paascloud.provider.web.admin.UacUserCommonController.modifyUserEmail(java.lang.String,java.lang.String)
2019-02-27 22:50:36.130  INFO [bootstrap,,,] [paascloud-provider-uac,,,,] 12788 --- [           main] s.w.s.m.m.a.RequestMappingHandlerMapping : Mapped "{[/user/checkEmail],methods=[POST],produces=[application/json;charset=UTF-8]}" onto public com.paascloud.wrapper.Wrapper<java.lang.Boolean> com.paascloud.provider.web.admin.UacUserCommonController.checkEmail(com.paascloud.provider.model.dto.user.CheckEmailDto)
2019-02-27 22:50:36.130  INFO [bootstrap,,,] [paascloud-provider-uac,,,,] 12788 --- [           main] s.w.s.m.m.a.RequestMappingHandlerMapping : Mapped "{[/user/getOwnAuthTree],methods=[POST],produces=[application/json;charset=UTF-8]}" onto public com.paascloud.wrapper.Wrapper<java.util.List<com.paascloud.provider.model.vo.MenuVo>> com.paascloud.provider.web.admin.UacUserCommonController.getOwnAuthTree()
2019-02-27 22:50:36.130  INFO [bootstrap,,,] [paascloud-provider-uac,,,,] 12788 --- [           main] s.w.s.m.m.a.RequestMappingHandlerMapping : Mapped "{[/user/checkLoginName],methods=[POST],produces=[application/json;charset=UTF-8]}" onto public com.paascloud.wrapper.Wrapper<java.lang.Boolean> com.paascloud.provider.web.admin.UacUserCommonController.checkLoginName(com.paascloud.provider.model.dto.user.CheckLoginNameDto)
2019-02-27 22:50:36.131  INFO [bootstrap,,,] [paascloud-provider-uac,,,,] 12788 --- [           main] s.w.s.m.m.a.RequestMappingHandlerMapping : Mapped "{[/user/checkNewPassword],methods=[POST],produces=[application/json;charset=UTF-8]}" onto public com.paascloud.wrapper.Wrapper<java.lang.Boolean> com.paascloud.provider.web.admin.UacUserCommonController.checkNewPassword(com.paascloud.provider.model.dto.user.CheckNewPasswordDto)
2019-02-27 22:50:36.131  INFO [bootstrap,,,] [paascloud-provider-uac,,,,] 12788 --- [           main] s.w.s.m.m.a.RequestMappingHandlerMapping : Mapped "{[/user/checkUserPhone],methods=[POST],produces=[application/json;charset=UTF-8]}" onto public com.paascloud.wrapper.Wrapper<java.lang.Boolean> com.paascloud.provider.web.admin.UacUserCommonController.checkUserPhone(com.paascloud.provider.model.dto.user.CheckUserPhoneDto)
2019-02-27 22:50:36.131  INFO [bootstrap,,,] [paascloud-provider-uac,,,,] 12788 --- [           main] s.w.s.m.m.a.RequestMappingHandlerMapping : Mapped "{[/user/checkUserName],methods=[POST],produces=[application/json;charset=UTF-8]}" onto public com.paascloud.wrapper.Wrapper<java.lang.Boolean> com.paascloud.provider.web.admin.UacUserCommonController.checkUserName(com.paascloud.provider.model.dto.user.CheckUserNameDto)
2019-02-27 22:50:36.132  INFO [bootstrap,,,] [paascloud-provider-uac,,,,] 12788 --- [           main] s.w.s.m.m.a.RequestMappingHandlerMapping : Mapped "{[/user/queryUserInfo/{loginName}],methods=[POST],produces=[application/json;charset=UTF-8]}" onto public com.paascloud.wrapper.Wrapper<com.paascloud.provider.model.vo.UserVo> com.paascloud.provider.web.admin.UacUserCommonController.queryUserInfo(java.lang.String)
2019-02-27 22:50:36.132  INFO [bootstrap,,,] [paascloud-provider-uac,,,,] 12788 --- [           main] s.w.s.m.m.a.RequestMappingHandlerMapping : Mapped "{[/user/loginAfter/{applicationId}],methods=[POST],produces=[application/json;charset=UTF-8]}" onto public com.paascloud.wrapper.Wrapper<com.paascloud.provider.model.dto.user.LoginRespDto> com.paascloud.provider.web.admin.UacUserLoginController.loginAfter(java.lang.Long)
2019-02-27 22:50:36.133  INFO [bootstrap,,,] [paascloud-provider-uac,,,,] 12788 --- [           main] s.w.s.m.m.a.RequestMappingHandlerMapping : Mapped "{[/user/logout],methods=[POST],produces=[application/json;charset=UTF-8]}" onto public com.paascloud.wrapper.Wrapper com.paascloud.provider.web.admin.UacUserLoginController.loginAfter(java.lang.String)
2019-02-27 22:50:36.133  INFO [bootstrap,,,] [paascloud-provider-uac,,,,] 12788 --- [           main] s.w.s.m.m.a.RequestMappingHandlerMapping : Mapped "{[/auth/user/refreshToken],methods=[GET],produces=[application/json;charset=UTF-8]}" onto public com.paascloud.wrapper.Wrapper<java.lang.String> com.paascloud.provider.web.admin.UacUserLoginController.refreshToken(javax.servlet.http.HttpServletRequest,java.lang.String,java.lang.String)
2019-02-27 22:50:36.135  INFO [bootstrap,,,] [paascloud-provider-uac,,,,] 12788 --- [           main] s.w.s.m.m.a.RequestMappingHandlerMapping : Mapped "{[/user/queryListWithPage],methods=[POST],produces=[application/json;charset=UTF-8]}" onto public com.paascloud.wrapper.Wrapper<com.github.pagehelper.PageInfo> com.paascloud.provider.web.admin.UacUserMainController.queryUserListWithPage(com.paascloud.provider.model.domain.UacUser)
2019-02-27 22:50:36.135  INFO [bootstrap,,,] [paascloud-provider-uac,,,,] 12788 --- [           main] s.w.s.m.m.a.RequestMappingHandlerMapping : Mapped "{[/user/resetLoginPwd/{userId}],methods=[POST],produces=[application/json;charset=UTF-8]}" onto public com.paascloud.wrapper.Wrapper<com.paascloud.provider.model.domain.UacUser> com.paascloud.provider.web.admin.UacUserMainController.resetLoginPwd(java.lang.Long)
2019-02-27 22:50:36.136  INFO [bootstrap,,,] [paascloud-provider-uac,,,,] 12788 --- [           main] s.w.s.m.m.a.RequestMappingHandlerMapping : Mapped "{[/user/bindRole],methods=[POST],produces=[application/json;charset=UTF-8]}" onto public com.paascloud.wrapper.Wrapper<java.lang.Integer> com.paascloud.provider.web.admin.UacUserMainController.bindUserRoles(com.paascloud.provider.model.dto.user.BindUserRolesDto)
2019-02-27 22:50:36.136  INFO [bootstrap,,,] [paascloud-provider-uac,,,,] 12788 --- [           main] s.w.s.m.m.a.RequestMappingHandlerMapping : Mapped "{[/user/bindUserMenus],methods=[POST],produces=[application/json;charset=UTF-8]}" onto public com.paascloud.wrapper.Wrapper<java.lang.Integer> com.paascloud.provider.web.admin.UacUserMainController.bindUserMenus(com.paascloud.provider.model.dto.user.BindUserMenusDto)
2019-02-27 22:50:36.136  INFO [bootstrap,,,] [paascloud-provider-uac,,,,] 12788 --- [           main] s.w.s.m.m.a.RequestMappingHandlerMapping : Mapped "{[/user/deleteUserById/{userId}],methods=[POST],produces=[application/json;charset=UTF-8]}" onto public com.paascloud.wrapper.Wrapper<java.lang.Integer> com.paascloud.provider.web.admin.UacUserMainController.deleteUserById(java.lang.Long)
[...]
	at org.apache.maven.surefire.junit4.JUnit4Provider.execute(JUnit4Provider.java:283)
	at org.apache.maven.surefire.junit4.JUnit4Provider.executeWithRerun(JUnit4Provider.java:173)
	at org.apache.maven.surefire.junit4.JUnit4Provider.executeTestSet(JUnit4Provider.java:153)
	at org.apache.maven.surefire.junit4.JUnit4Provider.invoke(JUnit4Provider.java:128)
	at org.apache.maven.surefire.booter.ForkedBooter.invokeProviderInSameClassLoader(ForkedBooter.java:203)
	at org.apache.maven.surefire.booter.ForkedBooter.runSuitesInProcess(ForkedBooter.java:155)
	at org.apache.maven.surefire.booter.ForkedBooter.main(ForkedBooter.java:103)

2019-02-27 22:51:30.953  INFO [bootstrap,,,] [paascloud-provider-uac,,,,] 12788 --- [           main] s.c.a.AnnotationConfigApplicationContext : Closing org.springframework.context.annotation.AnnotationConfigApplicationContext@e5f5cab: startup date [Wed Feb 27 22:51:10 CST 2019]; parent: org.springframework.web.context.support.GenericWebApplicationContext@46225650
2019-02-27 22:51:30.953  WARN [bootstrap,,,] [paascloud-provider-uac,,,,] 12788 --- [           main] s.c.a.AnnotationConfigApplicationContext : Exception thrown from ApplicationListener handling ContextClosedEvent

org.springframework.beans.factory.BeanCreationNotAllowedException: Error creating bean with name 'eurekaAutoServiceRegistration': Singleton bean creation not allowed while singletons of this factory are in destruction (Do not request a bean from a BeanFactory in a destroy method implementation!)
	at org.springframework.beans.factory.support.DefaultSingletonBeanRegistry.getSingleton(DefaultSingletonBeanRegistry.java:216)
	at org.springframework.beans.factory.support.AbstractBeanFactory.doGetBean(AbstractBeanFactory.java:308)
	at org.springframework.beans.factory.support.AbstractBeanFactory.getBean(AbstractBeanFactory.java:197)
	at org.springframework.context.support.AbstractApplicationContext.getBean(AbstractApplicationContext.java:1081)
	at org.springframework.context.event.ApplicationListenerMethodAdapter.getTargetBean(ApplicationListenerMethodAdapter.java:280)
	at org.springframework.context.event.ApplicationListenerMethodAdapter.doInvoke(ApplicationListenerMethodAdapter.java:250)
	at org.springframework.context.event.ApplicationListenerMethodAdapter.processEvent(ApplicationListenerMethodAdapter.java:174)
	at org.springframework.context.event.ApplicationListenerMethodAdapter.onApplicationEvent(ApplicationListenerMethodAdapter.java:137)
	at org.springframework.context.event.SimpleApplicationEventMulticaster.invokeListener(SimpleApplicationEventMulticaster.java:167)
	at org.springframework.context.event.SimpleApplicationEventMulticaster.multicastEvent(SimpleApplicationEventMulticaster.java:139)
	at org.springframework.context.support.AbstractApplicationContext.publishEvent(AbstractApplicationContext.java:383)
	at org.springframework.context.support.AbstractApplicationContext.publishEvent(AbstractApplicationContext.java:389)
	at org.springframework.context.support.AbstractApplicationContext.publishEvent(AbstractApplicationContext.java:337)
	at org.springframework.context.support.AbstractApplicationContext.doClose(AbstractApplicationContext.java:994)
	at org.springframework.context.support.AbstractApplicationContext.close(AbstractApplicationContext.java:961)
	at org.springframework.cloud.context.named.NamedContextFactory.destroy(NamedContextFactory.java:76)
	at org.springframework.beans.factory.support.DisposableBeanAdapter.destroy(DisposableBeanAdapter.java:272)
	at org.springframework.beans.factory.support.DefaultSingletonBeanRegistry.destroyBean(DefaultSingletonBeanRegistry.java:583)
	at org.springframework.beans.factory.support.DefaultSingletonBeanRegistry.destroySingleton(DefaultSingletonBeanRegistry.java:555)
	at org.springframework.beans.factory.support.DefaultListableBeanFactory.destroySingleton(DefaultListableBeanFactory.java:961)
	at org.springframework.beans.factory.support.DefaultSingletonBeanRegistry.destroySingletons(DefaultSingletonBeanRegistry.java:516)
	at org.springframework.beans.factory.support.DefaultListableBeanFactory.destroySingletons(DefaultListableBeanFactory.java:968)
	at org.springframework.context.support.AbstractApplicationContext.destroyBeans(AbstractApplicationContext.java:1033)
	at org.springframework.context.support.AbstractApplicationContext.doClose(AbstractApplicationContext.java:1009)
	at org.springframework.context.support.AbstractApplicationContext.close(AbstractApplicationContext.java:961)
	at org.springframework.boot.SpringApplication.handleRunFailure(SpringApplication.java:750)
	at org.springframework.boot.SpringApplication.run(SpringApplication.java:314)
	at org.springframework.boot.test.context.SpringBootContextLoader.loadContext(SpringBootContextLoader.java:121)
	at org.springframework.test.context.cache.DefaultCacheAwareContextLoaderDelegate.loadContextInternal(DefaultCacheAwareContextLoaderDelegate.java:98)
	at org.springframework.test.context.cache.DefaultCacheAwareContextLoaderDelegate.loadContext(DefaultCacheAwareContextLoaderDelegate.java:116)
	at org.springframework.test.context.support.DefaultTestContext.getApplicationContext(DefaultTestContext.java:83)
	at org.springframework.test.context.web.ServletTestExecutionListener.setUpRequestContextIfNecessary(ServletTestExecutionListener.java:189)
	at org.springframework.test.context.web.ServletTestExecutionListener.prepareTestInstance(ServletTestExecutionListener.java:131)
	at org.springframework.test.context.TestContextManager.prepareTestInstance(TestContextManager.java:230)
	at org.springframework.test.context.junit4.SpringJUnit4ClassRunner.createTest(SpringJUnit4ClassRunner.java:228)
	at org.springframework.test.context.junit4.SpringJUnit4ClassRunner$1.runReflectiveCall(SpringJUnit4ClassRunner.java:287)
	at org.junit.internal.runners.model.ReflectiveCallable.run(ReflectiveCallable.java:12)
	at org.springframework.test.context.junit4.SpringJUnit4ClassRunner.methodBlock(SpringJUnit4ClassRunner.java:289)
	at org.springframework.test.context.junit4.SpringJUnit4ClassRunner.runChild(SpringJUnit4ClassRunner.java:247)
	at org.springframework.test.context.junit4.SpringJUnit4ClassRunner.runChild(SpringJUnit4ClassRunner.java:94)
	at org.junit.runners.ParentRunner$3.run(ParentRunner.java:290)
	at org.junit.runners.ParentRunner$1.schedule(ParentRunner.java:71)
	at org.junit.runners.ParentRunner.runChildren(ParentRunner.java:288)
	at org.junit.runners.ParentRunner.access$000(ParentRunner.java:58)
	at org.junit.runners.ParentRunner$2.evaluate(ParentRunner.java:268)
	at org.springframework.test.context.junit4.statements.RunBeforeTestClassCallbacks.evaluate(RunBeforeTestClassCallbacks.java:61)
	at org.springframework.test.context.junit4.statements.RunAfterTestClassCallbacks.evaluate(RunAfterTestClassCallbacks.java:70)
	at org.junit.runners.ParentRunner.run(ParentRunner.java:363)
	at org.springframework.test.context.junit4.SpringJUnit4ClassRunner.run(SpringJUnit4ClassRunner.java:191)
	at org.apache.maven.surefire.junit4.JUnit4Provider.execute(JUnit4Provider.java:283)
	at org.apache.maven.surefire.junit4.JUnit4Provider.executeWithRerun(JUnit4Provider.java:173)
	at org.apache.maven.surefire.junit4.JUnit4Provider.executeTestSet(JUnit4Provider.java:153)
	at org.apache.maven.surefire.junit4.JUnit4Provider.invoke(JUnit4Provider.java:128)
	at org.apache.maven.surefire.booter.ForkedBooter.invokeProviderInSameClassLoader(ForkedBooter.java:203)
	at org.apache.maven.surefire.booter.ForkedBooter.runSuitesInProcess(ForkedBooter.java:155)
	at org.apache.maven.surefire.booter.ForkedBooter.main(ForkedBooter.java:103)

2019-02-27 22:51:30.954  INFO [bootstrap,,,] [paascloud-provider-uac,,,,] 12788 --- [           main] s.c.a.AnnotationConfigApplicationContext : Closing org.springframework.context.annotation.AnnotationConfigApplicationContext@6b49abaa: startup date [Wed Feb 27 22:51:11 CST 2019]; parent: org.springframework.web.context.support.GenericWebApplicationContext@46225650
2019-02-27 22:51:30.954  WARN [bootstrap,,,] [paascloud-provider-uac,,,,] 12788 --- [           main] s.c.a.AnnotationConfigApplicationContext : Exception thrown from ApplicationListener handling ContextClosedEvent

org.springframework.beans.factory.BeanCreationNotAllowedException: Error creating bean with name 'eurekaAutoServiceRegistration': Singleton bean creation not allowed while singletons of this factory are in destruction (Do not request a bean from a BeanFactory in a destroy method implementation!)
	at org.springframework.beans.factory.support.DefaultSingletonBeanRegistry.getSingleton(DefaultSingletonBeanRegistry.java:216)
	at org.springframework.beans.factory.support.AbstractBeanFactory.doGetBean(AbstractBeanFactory.java:308)
	at org.springframework.beans.factory.support.AbstractBeanFactory.getBean(AbstractBeanFactory.java:197)
	at org.springframework.context.support.AbstractApplicationContext.getBean(AbstractApplicationContext.java:1081)
	at org.springframework.context.event.ApplicationListenerMethodAdapter.getTargetBean(ApplicationListenerMethodAdapter.java:280)
	at org.springframework.context.event.ApplicationListenerMethodAdapter.doInvoke(ApplicationListenerMethodAdapter.java:250)
	at org.springframework.context.event.ApplicationListenerMethodAdapter.processEvent(ApplicationListenerMethodAdapter.java:174)
	at org.springframework.context.event.ApplicationListenerMethodAdapter.onApplicationEvent(ApplicationListenerMethodAdapter.java:137)
	at org.springframework.context.event.SimpleApplicationEventMulticaster.invokeListener(SimpleApplicationEventMulticaster.java:167)
	at org.springframework.context.event.SimpleApplicationEventMulticaster.multicastEvent(SimpleApplicationEventMulticaster.java:139)
	at org.springframework.context.support.AbstractApplicationContext.publishEvent(AbstractApplicationContext.java:383)
	at org.springframework.context.support.AbstractApplicationContext.publishEvent(AbstractApplicationContext.java:389)
	at org.springframework.context.support.AbstractApplicationContext.publishEvent(AbstractApplicationContext.java:337)
	at org.springframework.context.support.AbstractApplicationContext.doClose(AbstractApplicationContext.java:994)
	at org.springframework.context.support.AbstractApplicationContext.close(AbstractApplicationContext.java:961)
	at org.springframework.cloud.context.named.NamedContextFactory.destroy(NamedContextFactory.java:76)
	at org.springframework.beans.factory.support.DisposableBeanAdapter.destroy(DisposableBeanAdapter.java:272)
	at org.springframework.beans.factory.support.DefaultSingletonBeanRegistry.destroyBean(DefaultSingletonBeanRegistry.java:583)
	at org.springframework.beans.factory.support.DefaultSingletonBeanRegistry.destroySingleton(DefaultSingletonBeanRegistry.java:555)
	at org.springframework.beans.factory.support.DefaultListableBeanFactory.destroySingleton(DefaultListableBeanFactory.java:961)
	at org.springframework.beans.factory.support.DefaultSingletonBeanRegistry.destroySingletons(DefaultSingletonBeanRegistry.java:516)
	at org.springframework.beans.factory.support.DefaultListableBeanFactory.destroySingletons(DefaultListableBeanFactory.java:968)
	at org.springframework.context.support.AbstractApplicationContext.destroyBeans(AbstractApplicationContext.java:1033)
	at org.springframework.context.support.AbstractApplicationContext.doClose(AbstractApplicationContext.java:1009)
	at org.springframework.context.support.AbstractApplicationContext.close(AbstractApplicationContext.java:961)
	at org.springframework.boot.SpringApplication.handleRunFailure(SpringApplication.java:750)
	at org.springframework.boot.SpringApplication.run(SpringApplication.java:314)
	at org.springframework.boot.test.context.SpringBootContextLoader.loadContext(SpringBootContextLoader.java:121)
	at org.springframework.test.context.cache.DefaultCacheAwareContextLoaderDelegate.loadContextInternal(DefaultCacheAwareContextLoaderDelegate.java:98)
	at org.springframework.test.context.cache.DefaultCacheAwareContextLoaderDelegate.loadContext(DefaultCacheAwareContextLoaderDelegate.java:116)
	at org.springframework.test.context.support.DefaultTestContext.getApplicationContext(DefaultTestContext.java:83)
	at org.springframework.test.context.web.ServletTestExecutionListener.setUpRequestContextIfNecessary(ServletTestExecutionListener.java:189)
	at org.springframework.test.context.web.ServletTestExecutionListener.prepareTestInstance(ServletTestExecutionListener.java:131)
	at org.springframework.test.context.TestContextManager.prepareTestInstance(TestContextManager.java:230)
	at org.springframework.test.context.junit4.SpringJUnit4ClassRunner.createTest(SpringJUnit4ClassRunner.java:228)
	at org.springframework.test.context.junit4.SpringJUnit4ClassRunner$1.runReflectiveCall(SpringJUnit4ClassRunner.java:287)
	at org.junit.internal.runners.model.ReflectiveCallable.run(ReflectiveCallable.java:12)
	at org.springframework.test.context.junit4.SpringJUnit4ClassRunner.methodBlock(SpringJUnit4ClassRunner.java:289)
	at org.springframework.test.context.junit4.SpringJUnit4ClassRunner.runChild(SpringJUnit4ClassRunner.java:247)
	at org.springframework.test.context.junit4.SpringJUnit4ClassRunner.runChild(SpringJUnit4ClassRunner.java:94)
	at org.junit.runners.ParentRunner$3.run(ParentRunner.java:290)
	at org.junit.runners.ParentRunner$1.schedule(ParentRunner.java:71)
	at org.junit.runners.ParentRunner.runChildren(ParentRunner.java:288)
	at org.junit.runners.ParentRunner.access$000(ParentRunner.java:58)
	at org.junit.runners.ParentRunner$2.evaluate(ParentRunner.java:268)
	at org.springframework.test.context.junit4.statements.RunBeforeTestClassCallbacks.evaluate(RunBeforeTestClassCallbacks.java:61)
	at org.springframework.test.context.junit4.statements.RunAfterTestClassCallbacks.evaluate(RunAfterTestClassCallbacks.java:70)
	at org.junit.runners.ParentRunner.run(ParentRunner.java:363)
	at org.springframework.test.context.junit4.SpringJUnit4ClassRunner.run(SpringJUnit4ClassRunner.java:191)
	at org.apache.maven.surefire.junit4.JUnit4Provider.execute(JUnit4Provider.java:283)
	at org.apache.maven.surefire.junit4.JUnit4Provider.executeWithRerun(JUnit4Provider.java:173)
	at org.apache.maven.surefire.junit4.JUnit4Provider.executeTestSet(JUnit4Provider.java:153)
	at org.apache.maven.surefire.junit4.JUnit4Provider.invoke(JUnit4Provider.java:128)
	at org.apache.maven.surefire.booter.ForkedBooter.invokeProviderInSameClassLoader(ForkedBooter.java:203)
	at org.apache.maven.surefire.booter.ForkedBooter.runSuitesInProcess(ForkedBooter.java:155)
	at org.apache.maven.surefire.booter.ForkedBooter.main(ForkedBooter.java:103)

2019-02-27 22:51:30.973  INFO [bootstrap,,,] [paascloud-provider-uac,,,,] 12788 --- [           main] com.alibaba.druid.pool.DruidDataSource   : {dataSource-5} closed
2019-02-27 22:51:31.272  INFO [bootstrap,,,] [paascloud-provider-uac,,,,] 12788 --- [           main] o.s.s.concurrent.ThreadPoolTaskExecutor  : Shutting down ExecutorService
2019-02-27 22:51:31.272 ERROR [bootstrap,,,] [paascloud-provider-uac,,,,] 12788 --- [           main] o.s.test.context.TestContextManager      : Caught exception while allowing TestExecutionListener [org.springframework.test.context.web.ServletTestExecutionListener@578d4a] to prepare test instance [com.paascloud.provider.UacRoleServiceTest@21a9fce3]

java.lang.IllegalStateException: Failed to load ApplicationContext
	at org.springframework.test.context.cache.DefaultCacheAwareContextLoaderDelegate.loadContext(DefaultCacheAwareContextLoaderDelegate.java:124)
	at org.springframework.test.context.support.DefaultTestContext.getApplicationContext(DefaultTestContext.java:83)
	at org.springframework.test.context.web.ServletTestExecutionListener.setUpRequestContextIfNecessary(ServletTestExecutionListener.java:189)
	at org.springframework.test.context.web.ServletTestExecutionListener.prepareTestInstance(ServletTestExecutionListener.java:131)
	at org.springframework.test.context.TestContextManager.prepareTestInstance(TestContextManager.java:230)
	at org.springframework.test.context.junit4.SpringJUnit4ClassRunner.createTest(SpringJUnit4ClassRunner.java:228)
	at org.springframework.test.context.junit4.SpringJUnit4ClassRunner$1.runReflectiveCall(SpringJUnit4ClassRunner.java:287)
	at org.junit.internal.runners.model.ReflectiveCallable.run(ReflectiveCallable.java:12)
	at org.springframework.test.context.junit4.SpringJUnit4ClassRunner.methodBlock(SpringJUnit4ClassRunner.java:289)
	at org.springframework.test.context.junit4.SpringJUnit4ClassRunner.runChild(SpringJUnit4ClassRunner.java:247)
	at org.springframework.test.context.junit4.SpringJUnit4ClassRunner.runChild(SpringJUnit4ClassRunner.java:94)
	at org.junit.runners.ParentRunner$3.run(ParentRunner.java:290)
	at org.junit.runners.ParentRunner$1.schedule(ParentRunner.java:71)
	at org.junit.runners.ParentRunner.runChildren(ParentRunner.java:288)
	at org.junit.runners.ParentRunner.access$000(ParentRunner.java:58)
	at org.junit.runners.ParentRunner$2.evaluate(ParentRunner.java:268)
	at org.springframework.test.context.junit4.statements.RunBeforeTestClassCallbacks.evaluate(RunBeforeTestClassCallbacks.java:61)
	at org.springframework.test.context.junit4.statements.RunAfterTestClassCallbacks.evaluate(RunAfterTestClassCallbacks.java:70)
	at org.junit.runners.ParentRunner.run(ParentRunner.java:363)
	at org.springframework.test.context.junit4.SpringJUnit4ClassRunner.run(SpringJUnit4ClassRunner.java:191)
	at org.apache.maven.surefire.junit4.JUnit4Provider.execute(JUnit4Provider.java:283)
	at org.apache.maven.surefire.junit4.JUnit4Provider.executeWithRerun(JUnit4Provider.java:173)
	at org.apache.maven.surefire.junit4.JUnit4Provider.executeTestSet(JUnit4Provider.java:153)
	at org.apache.maven.surefire.junit4.JUnit4Provider.invoke(JUnit4Provider.java:128)
	at org.apache.maven.surefire.booter.ForkedBooter.invokeProviderInSameClassLoader(ForkedBooter.java:203)
	at org.apache.maven.surefire.booter.ForkedBooter.runSuitesInProcess(ForkedBooter.java:155)
	at org.apache.maven.surefire.booter.ForkedBooter.main(ForkedBooter.java:103)
Caused by: java.lang.IllegalStateException: Failed to execute CommandLineRunner
	at org.springframework.boot.SpringApplication.callRunner(SpringApplication.java:735)
	at org.springframework.boot.SpringApplication.callRunners(SpringApplication.java:716)
	at org.springframework.boot.SpringApplication.afterRefresh(SpringApplication.java:703)
	at org.springframework.boot.SpringApplication.run(SpringApplication.java:304)
	at org.springframework.boot.test.context.SpringBootContextLoader.loadContext(SpringBootContextLoader.java:121)
	at org.springframework.test.context.cache.DefaultCacheAwareContextLoaderDelegate.loadContextInternal(DefaultCacheAwareContextLoaderDelegate.java:98)
	at org.springframework.test.context.cache.DefaultCacheAwareContextLoaderDelegate.loadContext(DefaultCacheAwareContextLoaderDelegate.java:116)
	... 26 common frames omitted
Caused by: com.paascloud.core.registry.exception.RegException: org.apache.zookeeper.KeeperException$OperationTimeoutException: KeeperErrorCode = OperationTimeout
	at com.paascloud.core.registry.exception.RegExceptionHandler.handleException(RegExceptionHandler.java:35)
	at com.paascloud.core.registry.zookeeper.ZookeeperRegistryCenter.init(ZookeeperRegistryCenter.java:105)
	at com.paascloud.core.registry.RegistryCenterFactory.createCoordinatorRegistryCenter(RegistryCenterFactory.java:44)
	at com.paascloud.core.registry.RegistryCenterFactory.startup(RegistryCenterFactory.java:57)
	at com.paascloud.core.config.ZookeeperInitRunner.run(ZookeeperInitRunner.java:50)
	at org.springframework.boot.SpringApplication.callRunner(SpringApplication.java:732)
	... 32 common frames omitted
Caused by: org.apache.zookeeper.KeeperException$OperationTimeoutException: KeeperErrorCode = OperationTimeout
	at com.paascloud.core.registry.zookeeper.ZookeeperRegistryCenter.init(ZookeeperRegistryCenter.java:99)
	... 36 common frames omitted

]]></system-out>
  </testcase>
</testsuite>